INFO:root:Loading categories from json file
INFO:root:Loading dataframe for current category : pets
INFO:root:Splitting dataset in train and test
INFO:root:Cross validation fold : 1
INFO:root:Cross validation fold : 2
INFO:root:Cross validation fold : 3
INFO:root:Cross validation fold : 4
INFO:root:Cross validation fold : 5
INFO:root:Cross validation fold : 6
INFO:root:Cross validation fold : 7
INFO:root:Cross validation fold : 8
INFO:root:Cross validation fold : 9
INFO:root:Cross validation fold : 10
INFO:root:Training model on training dataset
INFO:root:Start to test model and evaluate scores
INFO:root:Saving score on file : results_single_NN/pets_results.pkl
INFO:root:CURRENT RESULTS FOR CATEGORY : pets are 
 {'accuracy_training_test_k_fold_cv': [0.8844444444444445, 0.8711111111111111, 0.9244444444444444, 0.9244444444444444, 0.8533333333333334, 0.8888888888888888, 0.88, 0.8533333333333334, 0.9022222222222223, 0.9066666666666666], 'training_accuracie': 0.9355555555555556, 'test_accuracie': 0.88, 'f1_score': array([0.84782609, 0.9       , 0.90322581, 0.85436893, 0.88888889]), 'precision': array([0.84782609, 0.9       , 0.91803279, 0.83018868, 0.9       ]), 'recall': array([0.84782609, 0.9       , 0.88888889, 0.88      , 0.87804878])}
INFO:root:Loading dataframe for current category : home_and_garden
INFO:root:Splitting dataset in train and test
INFO:root:Cross validation fold : 1
INFO:root:Cross validation fold : 2
INFO:root:Cross validation fold : 3
INFO:root:Cross validation fold : 4
INFO:root:Cross validation fold : 5
INFO:root:Cross validation fold : 6
INFO:root:Cross validation fold : 7
INFO:root:Cross validation fold : 8
INFO:root:Cross validation fold : 9
INFO:root:Cross validation fold : 10
INFO:root:Loading categories from json file
INFO:root:Loading dataframe for current category : pets
INFO:root:Splitting dataset in train and test
INFO:root:Cross validation fold : 1
INFO:root:Cross validation fold : 2
INFO:root:Cross validation fold : 3
INFO:root:Cross validation fold : 4
INFO:root:Cross validation fold : 5
INFO:root:Cross validation fold : 6
INFO:root:Cross validation fold : 7
INFO:root:Cross validation fold : 8
INFO:root:Cross validation fold : 9
INFO:root:Cross validation fold : 10
INFO:root:Training model on training dataset
INFO:root:Start to test model and evaluate scores
INFO:root:Saving score on file : results_single_NN/pets_results.pkl
INFO:root:CURRENT RESULTS FOR CATEGORY : pets are 
 {'accuracy_training_test_k_fold_cv': [0.8844444444444445, 0.8711111111111111, 0.9244444444444444, 0.9244444444444444, 0.8533333333333334, 0.8844444444444445, 0.8666666666666667, 0.8622222222222222, 0.9022222222222223, 0.8977777777777778], 'training_accuracie': 0.9373333333333334, 'test_accuracie': 0.876, 'f1_score': array([0.83870968, 0.9       , 0.89430894, 0.85436893, 0.88888889]), 'precision': array([0.82978723, 0.9       , 0.91666667, 0.83018868, 0.9       ]), 'recall': array([0.84782609, 0.9       , 0.87301587, 0.88      , 0.87804878])}
INFO:root:Loading dataframe for current category : home_and_garden
INFO:root:Splitting dataset in train and test
INFO:root:Cross validation fold : 1
INFO:root:Cross validation fold : 2
INFO:root:Cross validation fold : 3
INFO:root:Cross validation fold : 4
INFO:root:Cross validation fold : 5
INFO:root:Cross validation fold : 6
INFO:root:Cross validation fold : 7
INFO:root:Cross validation fold : 8
INFO:root:Cross validation fold : 9
INFO:root:Cross validation fold : 10
INFO:root:Training model on training dataset
INFO:root:Start to test model and evaluate scores
INFO:root:Saving score on file : results_single_NN/home_and_garden_results.pkl
INFO:root:CURRENT RESULTS FOR CATEGORY : home_and_garden are 
 {'accuracy_training_test_k_fold_cv': [0.8740740740740741, 0.825925925925926, 0.8555555555555555, 0.825925925925926, 0.837037037037037, 0.7962962962962963, 0.8555555555555555, 0.8740740740740741, 0.8074074074074075, 0.8518518518518519], 'training_accuracie': 0.9070370370370371, 'test_accuracie': 0.85, 'f1_score': array([0.87407407, 0.82758621, 0.88172043, 0.88095238, 0.83809524,
       0.79166667]), 'precision': array([0.81944444, 0.8372093 , 0.91111111, 0.90243902, 0.83018868,
       0.82608696]), 'recall': array([0.93650794, 0.81818182, 0.85416667, 0.86046512, 0.84615385,
       0.76      ])}
INFO:root:Loading dataframe for current category : social_protection
INFO:root:Splitting dataset in train and test
INFO:root:Cross validation fold : 1
INFO:root:Cross validation fold : 2
INFO:root:Cross validation fold : 3
INFO:root:Cross validation fold : 4
INFO:root:Cross validation fold : 5
INFO:root:Cross validation fold : 6
INFO:root:Cross validation fold : 7
INFO:root:Cross validation fold : 8
INFO:root:Cross validation fold : 9
INFO:root:Cross validation fold : 10
INFO:root:Training model on training dataset
INFO:root:Start to test model and evaluate scores
INFO:root:Saving score on file : results_single_NN/social_protection_results.pkl
INFO:root:CURRENT RESULTS FOR CATEGORY : social_protection are 
 {'accuracy_training_test_k_fold_cv': [0.8488372093023255, 0.8352941176470589, 0.8470588235294118, 0.7764705882352941, 0.8235294117647058, 0.8, 0.9176470588235294, 0.8941176470588236, 0.8705882352941177, 0.8470588235294118], 'training_accuracie': 0.882491186839013, 'test_accuracie': 0.8315789473684211, 'f1_score': array([0.82608696, 0.83673469]), 'precision': array([0.82608696, 0.83673469]), 'recall': array([0.82608696, 0.83673469])}
INFO:root:Loading dataframe for current category : environmental_policy
INFO:root:Splitting dataset in train and test
INFO:root:Cross validation fold : 1
INFO:root:Cross validation fold : 2
INFO:root:Cross validation fold : 3
INFO:root:Cross validation fold : 4
INFO:root:Cross validation fold : 5
INFO:root:Cross validation fold : 6
INFO:root:Cross validation fold : 7
INFO:root:Cross validation fold : 8
INFO:root:Cross validation fold : 9
INFO:root:Cross validation fold : 10
INFO:root:Training model on training dataset
INFO:root:Start to test model and evaluate scores
INFO:root:Saving score on file : results_single_NN/environmental_policy_results.pkl
INFO:root:CURRENT RESULTS FOR CATEGORY : environmental_policy are 
 {'accuracy_training_test_k_fold_cv': [0.9555555555555556, 0.9555555555555556, 0.9666666666666667, 0.9444444444444444, 0.9222222222222223, 0.9444444444444444, 0.9444444444444444, 0.9222222222222223, 0.9111111111111111, 0.9222222222222223], 'training_accuracie': 0.9522222222222222, 'test_accuracie': 0.9, 'f1_score': array([0.89130435, 0.90740741]), 'precision': array([0.93181818, 0.875     ]), 'recall': array([0.85416667, 0.94230769])}
INFO:root:Loading dataframe for current category : culture_and_religion
INFO:root:Splitting dataset in train and test
INFO:root:Cross validation fold : 1
INFO:root:Cross validation fold : 2
INFO:root:Cross validation fold : 3
INFO:root:Cross validation fold : 4
INFO:root:Cross validation fold : 5
INFO:root:Cross validation fold : 6
INFO:root:Cross validation fold : 7
INFO:root:Cross validation fold : 8
INFO:root:Cross validation fold : 9
INFO:root:Cross validation fold : 10
INFO:root:Training model on training dataset
INFO:root:Start to test model and evaluate scores
INFO:root:Saving score on file : results_single_NN/culture_and_religion_results.pkl
INFO:root:CURRENT RESULTS FOR CATEGORY : culture_and_religion are 
 {'accuracy_training_test_k_fold_cv': [0.8666666666666667, 0.8666666666666667, 0.8444444444444444, 0.8888888888888888, 0.8555555555555555, 0.9111111111111111, 0.8777777777777778, 0.9444444444444444, 0.8, 0.9333333333333333], 'training_accuracie': 0.9066666666666666, 'test_accuracie': 0.86, 'f1_score': array([0.86, 0.86]), 'precision': array([0.82692308, 0.89583333]), 'recall': array([0.89583333, 0.82692308])}
INFO:root:Loading dataframe for current category : natural_environment
INFO:root:Splitting dataset in train and test
INFO:root:Cross validation fold : 1
INFO:root:Cross validation fold : 2
INFO:root:Cross validation fold : 3
INFO:root:Cross validation fold : 4
INFO:root:Cross validation fold : 5
INFO:root:Cross validation fold : 6
INFO:root:Cross validation fold : 7
INFO:root:Cross validation fold : 8
INFO:root:Cross validation fold : 9
INFO:root:Cross validation fold : 10
INFO:root:Training model on training dataset
INFO:root:Start to test model and evaluate scores
INFO:root:Saving score on file : results_single_NN/natural_environment_results.pkl
INFO:root:CURRENT RESULTS FOR CATEGORY : natural_environment are 
 {'accuracy_training_test_k_fold_cv': [0.9407407407407408, 0.9037037037037037, 0.9185185185185185, 0.9185185185185185, 0.9407407407407408, 0.9111111111111111, 0.9555555555555556, 0.8740740740740741, 0.9407407407407408, 0.8814814814814815], 'training_accuracie': 0.9466666666666667, 'test_accuracie': 0.92, 'f1_score': array([0.92857143, 0.87058824, 0.95145631]), 'precision': array([0.96296296, 0.84090909, 0.94230769]), 'recall': array([0.89655172, 0.90243902, 0.96078431])}
INFO:root:Loading dataframe for current category : free_movement_of_capital
INFO:root:Splitting dataset in train and test
INFO:root:Cross validation fold : 1
INFO:root:Cross validation fold : 2
INFO:root:Cross validation fold : 3
INFO:root:Cross validation fold : 4
INFO:root:Cross validation fold : 5
INFO:root:Cross validation fold : 6
INFO:root:Cross validation fold : 7
INFO:root:Cross validation fold : 8
INFO:root:Cross validation fold : 9
INFO:root:Cross validation fold : 10
INFO:root:Training model on training dataset
INFO:root:Start to test model and evaluate scores
INFO:root:Saving score on file : results_single_NN/free_movement_of_capital_results.pkl
INFO:root:CURRENT RESULTS FOR CATEGORY : free_movement_of_capital are 
 {'accuracy_training_test_k_fold_cv': [0.8814814814814815, 0.8444444444444444, 0.8814814814814815, 0.8814814814814815, 0.8592592592592593, 0.8888888888888888, 0.837037037037037, 0.8592592592592593, 0.8296296296296296, 0.8074074074074075], 'training_accuracie': 0.8992592592592593, 'test_accuracie': 0.8933333333333333, 'f1_score': array([0.92307692, 0.86419753, 0.88235294]), 'precision': array([0.91525424, 0.875     , 0.88235294]), 'recall': array([0.93103448, 0.85365854, 0.88235294])}
INFO:root:Loading dataframe for current category : information_technology_industry
INFO:root:Splitting dataset in train and test
INFO:root:Cross validation fold : 1
INFO:root:Cross validation fold : 2
INFO:root:Cross validation fold : 3
INFO:root:Cross validation fold : 4
INFO:root:Cross validation fold : 5
INFO:root:Cross validation fold : 6
INFO:root:Cross validation fold : 7
INFO:root:Cross validation fold : 8
INFO:root:Cross validation fold : 9
INFO:root:Cross validation fold : 10
INFO:root:Training model on training dataset
INFO:root:Start to test model and evaluate scores
INFO:root:Saving score on file : results_single_NN/information_technology_industry_results.pkl
INFO:root:CURRENT RESULTS FOR CATEGORY : information_technology_industry are 
 {'accuracy_training_test_k_fold_cv': [0.8666666666666667, 0.8555555555555555, 0.8888888888888888, 0.8666666666666667, 0.9333333333333333, 0.8888888888888888, 0.8222222222222222, 0.8333333333333334, 0.8, 0.8555555555555555], 'training_accuracie': 0.89, 'test_accuracie': 0.9, 'f1_score': array([0.90384615, 0.89583333]), 'precision': array([0.83928571, 0.97727273]), 'recall': array([0.97916667, 0.82692308])}
INFO:root:Loading dataframe for current category : metal_industries
INFO:root:Splitting dataset in train and test
INFO:root:Cross validation fold : 1
INFO:root:Cross validation fold : 2
INFO:root:Cross validation fold : 3
INFO:root:Cross validation fold : 4
INFO:root:Cross validation fold : 5
INFO:root:Cross validation fold : 6
INFO:root:Cross validation fold : 7
INFO:root:Cross validation fold : 8
INFO:root:Cross validation fold : 9
INFO:root:Cross validation fold : 10
INFO:root:Training model on training dataset
INFO:root:Start to test model and evaluate scores
INFO:root:Saving score on file : results_single_NN/metal_industries_results.pkl
INFO:root:CURRENT RESULTS FOR CATEGORY : metal_industries are 
 {'accuracy_training_test_k_fold_cv': [0.7377049180327869, 0.7704918032786885, 0.819672131147541, 0.7540983606557377, 0.8360655737704918, 0.8278688524590164, 0.7868852459016393, 0.7933884297520661, 0.8347107438016529, 0.8347107438016529], 'training_accuracie': 0.8356614626129828, 'test_accuracie': 0.7794117647058824, 'f1_score': array([0.61016949, 0.8       , 0.85714286]), 'precision': array([0.69230769, 0.71875   , 0.91304348]), 'recall': array([0.54545455, 0.90196078, 0.80769231])}
INFO:root:Loading dataframe for current category : behavioural_sciences
INFO:root:Splitting dataset in train and test
INFO:root:Cross validation fold : 1
INFO:root:Cross validation fold : 2
INFO:root:Cross validation fold : 3
INFO:root:Cross validation fold : 4
INFO:root:Cross validation fold : 5
INFO:root:Cross validation fold : 6
INFO:root:Cross validation fold : 7
INFO:root:Cross validation fold : 8
INFO:root:Cross validation fold : 9
INFO:root:Cross validation fold : 10
INFO:root:Training model on training dataset
INFO:root:Start to test model and evaluate scores
INFO:root:Saving score on file : results_single_NN/behavioural_sciences_results.pkl
INFO:root:CURRENT RESULTS FOR CATEGORY : behavioural_sciences are 
 {'accuracy_training_test_k_fold_cv': [0.7444444444444445, 0.75, 0.7444444444444445, 0.7722222222222223, 0.8222222222222222, 0.7611111111111111, 0.7888888888888889, 0.7833333333333333, 0.7611111111111111, 0.7944444444444444], 'training_accuracie': 0.8466666666666667, 'test_accuracie': 0.73, 'f1_score': array([0.83870968, 0.76      , 0.7       , 0.63551402]), 'precision': array([0.82978723, 0.80851064, 0.64814815, 0.65384615]), 'recall': array([0.84782609, 0.71698113, 0.76086957, 0.61818182])}
INFO:root:Loading dataframe for current category : energy
INFO:root:Splitting dataset in train and test
INFO:root:Cross validation fold : 1
INFO:root:Cross validation fold : 2
INFO:root:Cross validation fold : 3
INFO:root:Cross validation fold : 4
INFO:root:Cross validation fold : 5
INFO:root:Cross validation fold : 6
INFO:root:Cross validation fold : 7
INFO:root:Cross validation fold : 8
INFO:root:Cross validation fold : 9
INFO:root:Cross validation fold : 10
INFO:root:Training model on training dataset
INFO:root:Start to test model and evaluate scores
INFO:root:Saving score on file : results_single_NN/energy_results.pkl
INFO:root:CURRENT RESULTS FOR CATEGORY : energy are 
 {'accuracy_training_test_k_fold_cv': [0.7387387387387387, 0.7882882882882883, 0.7387387387387387, 0.7837837837837838, 0.6981981981981982, 0.7342342342342343, 0.8018018018018018, 0.7432432432432432, 0.7647058823529411, 0.7285067873303167], 'training_accuracie': 0.8327321911632101, 'test_accuracie': 0.7773279352226721, 'f1_score': array([0.85057471, 0.88      , 0.82857143, 0.56521739, 0.82926829,
       0.78350515]), 'precision': array([0.84090909, 0.78571429, 0.87878788, 0.60465116, 0.82258065,
       0.74509804]), 'recall': array([0.86046512, 1.        , 0.78378378, 0.53061224, 0.83606557,
       0.82608696])}
INFO:root:Loading dataframe for current category : agriculture_forestry_and_fisheries
INFO:root:Splitting dataset in train and test
INFO:root:Cross validation fold : 1
INFO:root:Cross validation fold : 2
INFO:root:Cross validation fold : 3
INFO:root:Cross validation fold : 4
INFO:root:Cross validation fold : 5
INFO:root:Cross validation fold : 6
INFO:root:Cross validation fold : 7
INFO:root:Cross validation fold : 8
INFO:root:Cross validation fold : 9
INFO:root:Cross validation fold : 10
INFO:root:Training model on training dataset
INFO:root:Start to test model and evaluate scores
INFO:root:Saving score on file : results_single_NN/agriculture_forestry_and_fisheries_results.pkl
INFO:root:CURRENT RESULTS FOR CATEGORY : agriculture_forestry_and_fisheries are 
 {'accuracy_training_test_k_fold_cv': [0.8355555555555556, 0.7911111111111111, 0.8533333333333334, 0.8044444444444444, 0.7866666666666666, 0.8177777777777778, 0.7723214285714286, 0.8214285714285714, 0.8169642857142857, 0.8348214285714286], 'training_accuracie': 0.8757791629563668, 'test_accuracie': 0.784, 'f1_score': array([0.71428571, 0.69662921, 0.86792453, 0.83050847, 0.77669903]), 'precision': array([0.76923077, 0.65957447, 0.92      , 0.83050847, 0.72727273]), 'recall': array([0.66666667, 0.73809524, 0.82142857, 0.83050847, 0.83333333])}
INFO:root:Loading dataframe for current category : space_science
INFO:root:Splitting dataset in train and test
INFO:root:Cross validation fold : 1
INFO:root:Cross validation fold : 2
INFO:root:Cross validation fold : 3
INFO:root:Cross validation fold : 4
INFO:root:Cross validation fold : 5
INFO:root:Cross validation fold : 6
INFO:root:Cross validation fold : 7
INFO:root:Cross validation fold : 8
INFO:root:Cross validation fold : 9
INFO:root:Cross validation fold : 10
INFO:root:Training model on training dataset
INFO:root:Start to test model and evaluate scores
INFO:root:Saving score on file : results_single_NN/space_science_results.pkl
INFO:root:CURRENT RESULTS FOR CATEGORY : space_science are 
 {'accuracy_training_test_k_fold_cv': [0.9111111111111111, 0.9444444444444444, 0.9111111111111111, 0.8888888888888888, 0.8777777777777778, 0.9222222222222223, 0.9666666666666667, 0.9, 0.9222222222222223, 0.8888888888888888], 'training_accuracie': 0.93, 'test_accuracie': 0.94, 'f1_score': array([0.9375    , 0.94230769]), 'precision': array([0.9375    , 0.94230769]), 'recall': array([0.9375    , 0.94230769])}
INFO:root:Loading dataframe for current category : land_transport
INFO:root:Splitting dataset in train and test
INFO:root:Cross validation fold : 1
INFO:root:Cross validation fold : 2
INFO:root:Cross validation fold : 3
INFO:root:Cross validation fold : 4
INFO:root:Cross validation fold : 5
INFO:root:Cross validation fold : 6
INFO:root:Cross validation fold : 7
INFO:root:Cross validation fold : 8
INFO:root:Cross validation fold : 9
INFO:root:Cross validation fold : 10
INFO:root:Training model on training dataset
INFO:root:Start to test model and evaluate scores
INFO:root:Saving score on file : results_single_NN/land_transport_results.pkl
INFO:root:CURRENT RESULTS FOR CATEGORY : land_transport are 
 {'accuracy_training_test_k_fold_cv': [0.9111111111111111, 0.9444444444444444, 0.9, 0.8888888888888888, 0.9, 0.9333333333333333, 0.9444444444444444, 0.8555555555555555, 0.9444444444444444, 0.8888888888888888], 'training_accuracie': 0.9466666666666667, 'test_accuracie': 0.95, 'f1_score': array([0.94736842, 0.95238095]), 'precision': array([0.95744681, 0.94339623]), 'recall': array([0.9375    , 0.96153846])}
INFO:root:Loading dataframe for current category : social_affairs
INFO:root:Splitting dataset in train and test
INFO:root:Cross validation fold : 1
INFO:root:Cross validation fold : 2
INFO:root:Cross validation fold : 3
INFO:root:Cross validation fold : 4
INFO:root:Cross validation fold : 5
INFO:root:Cross validation fold : 6
INFO:root:Cross validation fold : 7
INFO:root:Cross validation fold : 8
INFO:root:Cross validation fold : 9
INFO:root:Cross validation fold : 10
INFO:root:Training model on training dataset
INFO:root:Start to test model and evaluate scores
INFO:root:Saving score on file : results_single_NN/social_affairs_results.pkl
INFO:root:CURRENT RESULTS FOR CATEGORY : social_affairs are 
 {'accuracy_training_test_k_fold_cv': [0.9222222222222223, 0.8888888888888888, 0.8555555555555555, 0.8777777777777778, 0.8666666666666667, 0.8111111111111111, 0.8555555555555555, 0.9444444444444444, 0.8888888888888888, 0.9111111111111111], 'training_accuracie': 0.9244444444444444, 'test_accuracie': 0.91, 'f1_score': array([0.9010989 , 0.91743119]), 'precision': array([0.95348837, 0.87719298]), 'recall': array([0.85416667, 0.96153846])}
INFO:root:Loading dataframe for current category : technology_and_technical_regulations
INFO:root:Splitting dataset in train and test
INFO:root:Cross validation fold : 1
INFO:root:Cross validation fold : 2
INFO:root:Cross validation fold : 3
INFO:root:Cross validation fold : 4
INFO:root:Cross validation fold : 5
INFO:root:Cross validation fold : 6
INFO:root:Cross validation fold : 7
INFO:root:Cross validation fold : 8
INFO:root:Cross validation fold : 9
INFO:root:Cross validation fold : 10
INFO:root:Training model on training dataset
INFO:root:Start to test model and evaluate scores
INFO:root:Saving score on file : results_single_NN/technology_and_technical_regulations_results.pkl
INFO:root:CURRENT RESULTS FOR CATEGORY : technology_and_technical_regulations are 
 {'accuracy_training_test_k_fold_cv': [0.9333333333333333, 0.9333333333333333, 0.8666666666666667, 0.9333333333333333, 0.9111111111111111, 0.9333333333333333, 0.8777777777777778, 0.9111111111111111, 0.8888888888888888, 0.8777777777777778], 'training_accuracie': 0.9355555555555556, 'test_accuracie': 0.92, 'f1_score': array([0.91836735, 0.92156863]), 'precision': array([0.9 , 0.94]), 'recall': array([0.9375    , 0.90384615])}
INFO:root:Loading dataframe for current category : life_sciences
INFO:root:Splitting dataset in train and test
INFO:root:Cross validation fold : 1
INFO:root:Cross validation fold : 2
INFO:root:Cross validation fold : 3
INFO:root:Cross validation fold : 4
INFO:root:Cross validation fold : 5
INFO:root:Cross validation fold : 6
INFO:root:Cross validation fold : 7
INFO:root:Cross validation fold : 8
INFO:root:Cross validation fold : 9
INFO:root:Cross validation fold : 10
INFO:root:Training model on training dataset
INFO:root:Start to test model and evaluate scores
INFO:root:Saving score on file : results_single_NN/life_sciences_results.pkl
INFO:root:CURRENT RESULTS FOR CATEGORY : life_sciences are 
 {'accuracy_training_test_k_fold_cv': [0.7666666666666667, 0.7722222222222223, 0.7166666666666667, 0.7722222222222223, 0.6666666666666666, 0.7444444444444445, 0.7166666666666667, 0.7555555555555555, 0.7611111111111111, 0.7944444444444444], 'training_accuracie': 0.8038888888888889, 'test_accuracie': 0.77, 'f1_score': array([0.61702128, 0.59405941, 0.98924731, 0.875     ]), 'precision': array([0.60416667, 0.625     , 0.9787234 , 0.85964912]), 'recall': array([0.63043478, 0.56603774, 1.        , 0.89090909])}
INFO:root:Loading dataframe for current category : social_question
INFO:root:Splitting dataset in train and test
INFO:root:Cross validation fold : 1
INFO:root:Cross validation fold : 2
INFO:root:Cross validation fold : 3
INFO:root:Cross validation fold : 4
INFO:root:Cross validation fold : 5
INFO:root:Cross validation fold : 6
INFO:root:Cross validation fold : 7
INFO:root:Cross validation fold : 8
INFO:root:Cross validation fold : 9
INFO:root:Cross validation fold : 10
INFO:root:Training model on training dataset
INFO:root:Start to test model and evaluate scores
INFO:root:Saving score on file : results_single_NN/social_question_results.pkl
INFO:root:CURRENT RESULTS FOR CATEGORY : social_question are 
 {'accuracy_training_test_k_fold_cv': [0.5841269841269842, 0.5619047619047619, 0.5523809523809524, 0.6095238095238096, 0.5714285714285714, 0.6349206349206349, 0.580952380952381, 0.6, 0.6050955414012739, 0.589171974522293], 'training_accuracie': 0.6963151207115629, 'test_accuracie': 0.6, 'f1_score': array([0.74418605, 0.45045045, 0.55102041, 0.74509804, 0.46511628,
       0.5       , 0.66037736]), 'precision': array([0.75      , 0.48076923, 0.50943396, 0.73076923, 0.42553191,
       0.60714286, 0.64814815]), 'recall': array([0.73846154, 0.42372881, 0.6       , 0.76      , 0.51282051,
       0.425     , 0.67307692])}
INFO:root:Loading dataframe for current category : science
INFO:root:Splitting dataset in train and test
INFO:root:Cross validation fold : 1
INFO:root:Cross validation fold : 2
INFO:root:Cross validation fold : 3
INFO:root:Cross validation fold : 4
INFO:root:Cross validation fold : 5
INFO:root:Cross validation fold : 6
INFO:root:Cross validation fold : 7
INFO:root:Cross validation fold : 8
INFO:root:Cross validation fold : 9
INFO:root:Cross validation fold : 10
INFO:root:Training model on training dataset
INFO:root:Start to test model and evaluate scores
INFO:root:Saving score on file : results_single_NN/science_results.pkl
INFO:root:CURRENT RESULTS FOR CATEGORY : science are 
 {'accuracy_training_test_k_fold_cv': [0.8089887640449438, 0.8426966292134831, 0.8764044943820225, 0.8202247191011236, 0.8426966292134831, 0.8426966292134831, 0.9090909090909091, 0.8295454545454546, 0.875, 0.875], 'training_accuracie': 0.8860045146726863, 'test_accuracie': 0.8383838383838383, 'f1_score': array([0.84313725, 0.83333333]), 'precision': array([0.87755102, 0.8       ]), 'recall': array([0.81132075, 0.86956522])}
INFO:root:Loading dataframe for current category : physical_environment
INFO:root:Splitting dataset in train and test
INFO:root:Cross validation fold : 1
INFO:root:Cross validation fold : 2
INFO:root:Cross validation fold : 3
INFO:root:Cross validation fold : 4
INFO:root:Cross validation fold : 5
INFO:root:Cross validation fold : 6
INFO:root:Cross validation fold : 7
INFO:root:Cross validation fold : 8
INFO:root:Cross validation fold : 9
INFO:root:Cross validation fold : 10
INFO:root:Training model on training dataset
INFO:root:Start to test model and evaluate scores
INFO:root:Saving score on file : results_single_NN/physical_environment_results.pkl
INFO:root:CURRENT RESULTS FOR CATEGORY : physical_environment are 
 {'accuracy_training_test_k_fold_cv': [0.8888888888888888, 0.9555555555555556, 0.9777777777777777, 0.9333333333333333, 0.8888888888888888, 0.9444444444444444, 0.9333333333333333, 0.8555555555555555, 0.9222222222222223, 0.9333333333333333], 'training_accuracie': 0.9377777777777778, 'test_accuracie': 0.95, 'f1_score': array([0.94845361, 0.95145631]), 'precision': array([0.93877551, 0.96078431]), 'recall': array([0.95833333, 0.94230769])}
INFO:root:Loading dataframe for current category : data_processing
INFO:root:Splitting dataset in train and test
INFO:root:Cross validation fold : 1
INFO:root:Cross validation fold : 2
INFO:root:Cross validation fold : 3
INFO:root:Cross validation fold : 4
INFO:root:Cross validation fold : 5
INFO:root:Cross validation fold : 6
INFO:root:Cross validation fold : 7
INFO:root:Cross validation fold : 8
INFO:root:Cross validation fold : 9
INFO:root:Cross validation fold : 10
INFO:root:Training model on training dataset
INFO:root:Start to test model and evaluate scores
INFO:root:Saving score on file : results_single_NN/data_processing_results.pkl
INFO:root:CURRENT RESULTS FOR CATEGORY : data_processing are 
 {'accuracy_training_test_k_fold_cv': [0.8533333333333334, 0.8177777777777778, 0.8666666666666667, 0.8577777777777778, 0.8088888888888889, 0.8577777777777778, 0.8444444444444444, 0.8222222222222222, 0.8, 0.8311111111111111], 'training_accuracie': 0.8942222222222223, 'test_accuracie': 0.84, 'f1_score': array([0.78350515, 0.94117647, 0.82474227, 0.84      , 0.7816092 ]), 'precision': array([0.74509804, 1.        , 0.85106383, 0.84      , 0.73913043]), 'recall': array([0.82608696, 0.88888889, 0.8       , 0.84      , 0.82926829])}
INFO:root:Loading dataframe for current category : economic_analysis
INFO:root:Splitting dataset in train and test
INFO:root:Cross validation fold : 1
INFO:root:Cross validation fold : 2
INFO:root:Cross validation fold : 3
INFO:root:Cross validation fold : 4
INFO:root:Cross validation fold : 5
INFO:root:Cross validation fold : 6
INFO:root:Cross validation fold : 7
INFO:root:Cross validation fold : 8
INFO:root:Cross validation fold : 9
INFO:root:Cross validation fold : 10
INFO:root:Training model on training dataset
INFO:root:Start to test model and evaluate scores
INFO:root:Saving score on file : results_single_NN/economic_analysis_results.pkl
INFO:root:CURRENT RESULTS FOR CATEGORY : economic_analysis are 
 {'accuracy_training_test_k_fold_cv': [0.7817589576547231, 0.8175895765472313, 0.7166123778501629, 0.762214983713355, 0.742671009771987, 0.7915309446254072, 0.7817589576547231, 0.7850162866449512, 0.762214983713355, 0.7328990228013029], 'training_accuracie': 0.8384364820846906, 'test_accuracie': 0.7280701754385965, 'f1_score': array([0.77777778, 0.87058824, 0.64285714, 0.86666667, 0.69047619,
       0.70707071, 0.53061224]), 'precision': array([0.73684211, 0.88095238, 0.61363636, 0.79591837, 0.725     ,
       0.74468085, 0.59090909]), 'recall': array([0.82352941, 0.86046512, 0.675     , 0.95121951, 0.65909091,
       0.67307692, 0.48148148])}
INFO:root:Loading dataframe for current category : automotive_and_vehicles
INFO:root:Splitting dataset in train and test
INFO:root:Cross validation fold : 1
INFO:root:Cross validation fold : 2
INFO:root:Cross validation fold : 3
INFO:root:Cross validation fold : 4
INFO:root:Cross validation fold : 5
INFO:root:Cross validation fold : 6
INFO:root:Cross validation fold : 7
INFO:root:Cross validation fold : 8
INFO:root:Cross validation fold : 9
INFO:root:Cross validation fold : 10
INFO:root:Training model on training dataset
INFO:root:Start to test model and evaluate scores
INFO:root:Saving score on file : results_single_NN/automotive_and_vehicles_results.pkl
INFO:root:CURRENT RESULTS FOR CATEGORY : automotive_and_vehicles are 
 {'accuracy_training_test_k_fold_cv': [0.7870722433460076, 0.7946768060836502, 0.8326996197718631, 0.8060836501901141, 0.8060836501901141, 0.8365019011406845, 0.8365019011406845, 0.8288973384030418, 0.7824427480916031, 0.8129770992366412], 'training_accuracie': 0.8751902587519026, 'test_accuracie': 0.8191126279863481, 'f1_score': array([0.86597938, 0.90909091, 0.55555556, 0.87755102, 0.72268908,
       0.75675676, 0.93333333, 0.7961165 ]), 'precision': array([0.91304348, 0.86538462, 0.625     , 0.87755102, 0.64179104,
       0.82352941, 1.        , 0.87234043]), 'recall': array([0.82352941, 0.95744681, 0.5       , 0.87755102, 0.82692308,
       0.7       , 0.875     , 0.73214286])}
INFO:root:Loading dataframe for current category : public_finance_and_budget_policy
INFO:root:Splitting dataset in train and test
INFO:root:Cross validation fold : 1
INFO:root:Cross validation fold : 2
INFO:root:Cross validation fold : 3
INFO:root:Cross validation fold : 4
INFO:root:Cross validation fold : 5
INFO:root:Cross validation fold : 6
INFO:root:Cross validation fold : 7
INFO:root:Cross validation fold : 8
INFO:root:Cross validation fold : 9
INFO:root:Cross validation fold : 10
INFO:root:Training model on training dataset
INFO:root:Start to test model and evaluate scores
INFO:root:Saving score on file : results_single_NN/public_finance_and_budget_policy_results.pkl
INFO:root:CURRENT RESULTS FOR CATEGORY : public_finance_and_budget_policy are 
 {'accuracy_training_test_k_fold_cv': [0.8974358974358975, 0.8717948717948718, 0.7948717948717948, 0.8974358974358975, 0.9090909090909091, 0.922077922077922, 0.8311688311688312, 0.8961038961038961, 0.8701298701298701, 0.8831168831168831], 'training_accuracie': 0.9018087855297158, 'test_accuracie': 0.872093023255814, 'f1_score': array([0.83076923, 0.89719626]), 'precision': array([0.84375   , 0.88888889]), 'recall': array([0.81818182, 0.90566038])}
INFO:root:Loading dataframe for current category : medical_science
INFO:root:Splitting dataset in train and test
INFO:root:Cross validation fold : 1
INFO:root:Cross validation fold : 2
INFO:root:Cross validation fold : 3
INFO:root:Cross validation fold : 4
INFO:root:Cross validation fold : 5
INFO:root:Cross validation fold : 6
INFO:root:Cross validation fold : 7
INFO:root:Cross validation fold : 8
INFO:root:Cross validation fold : 9
INFO:root:Cross validation fold : 10
INFO:root:Training model on training dataset
INFO:root:Start to test model and evaluate scores
INFO:root:Saving score on file : results_single_NN/medical_science_results.pkl
INFO:root:CURRENT RESULTS FOR CATEGORY : medical_science are 
 {'accuracy_training_test_k_fold_cv': [0.6987654320987654, 0.6592592592592592, 0.6567901234567901, 0.7086419753086419, 0.7209876543209877, 0.6395061728395062, 0.6666666666666666, 0.6493827160493827, 0.6962962962962963, 0.6814814814814815], 'training_accuracie': 0.7785185185185185, 'test_accuracie': 0.6888888888888889, 'f1_score': array([0.67256637, 0.50574713, 0.78      , 0.60869565, 0.6122449 ,
       0.86315789, 0.65346535, 0.6728972 , 0.80373832]), 'precision': array([0.69090909, 0.52380952, 0.76470588, 0.57142857, 0.6122449 ,
       0.83673469, 0.67346939, 0.67924528, 0.81132075]), 'recall': array([0.65517241, 0.48888889, 0.79591837, 0.65116279, 0.6122449 ,
       0.89130435, 0.63461538, 0.66666667, 0.7962963 ])}
INFO:root:Loading dataframe for current category : industry
INFO:root:Splitting dataset in train and test
INFO:root:Cross validation fold : 1
INFO:root:Cross validation fold : 2
INFO:root:Cross validation fold : 3
INFO:root:Cross validation fold : 4
INFO:root:Cross validation fold : 5
INFO:root:Cross validation fold : 6
INFO:root:Cross validation fold : 7
INFO:root:Cross validation fold : 8
INFO:root:Cross validation fold : 9
INFO:root:Cross validation fold : 10
INFO:root:Training model on training dataset
INFO:root:Start to test model and evaluate scores
INFO:root:Saving score on file : results_single_NN/industry_results.pkl
INFO:root:CURRENT RESULTS FOR CATEGORY : industry are 
 {'accuracy_training_test_k_fold_cv': [0.7361111111111112, 0.7694444444444445, 0.775, 0.7833333333333333, 0.7361111111111112, 0.7527777777777778, 0.7493036211699164, 0.7576601671309192, 0.7520891364902507, 0.754874651810585], 'training_accuracie': 0.8364849833147943, 'test_accuracie': 0.77, 'f1_score': array([0.71666667, 0.66666667, 0.79279279, 0.71559633, 0.89090909,
       0.8       , 0.79569892, 0.77272727]), 'precision': array([0.69354839, 0.7       , 0.77192982, 0.66101695, 0.90740741,
       0.85      , 0.84090909, 0.77272727]), 'recall': array([0.74137931, 0.63636364, 0.81481481, 0.78      , 0.875     ,
       0.75555556, 0.75510204, 0.77272727])}
INFO:root:Loading dataframe for current category : economic_structure
INFO:root:Splitting dataset in train and test
INFO:root:Cross validation fold : 1
INFO:root:Cross validation fold : 2
INFO:root:Cross validation fold : 3
INFO:root:Cross validation fold : 4
INFO:root:Cross validation fold : 5
INFO:root:Cross validation fold : 6
INFO:root:Cross validation fold : 7
INFO:root:Cross validation fold : 8
INFO:root:Cross validation fold : 9
INFO:root:Cross validation fold : 10
INFO:root:Training model on training dataset
INFO:root:Start to test model and evaluate scores
INFO:root:Saving score on file : results_single_NN/economic_structure_results.pkl
INFO:root:CURRENT RESULTS FOR CATEGORY : economic_structure are 
 {'accuracy_training_test_k_fold_cv': [0.9333333333333333, 0.9555555555555556, 0.9111111111111111, 0.9555555555555556, 0.9777777777777777, 0.8777777777777778, 0.9444444444444444, 0.9333333333333333, 0.9333333333333333, 0.9333333333333333], 'training_accuracie': 0.9488888888888889, 'test_accuracie': 0.93, 'f1_score': array([0.92783505, 0.93203883]), 'precision': array([0.91836735, 0.94117647]), 'recall': array([0.9375    , 0.92307692])}
INFO:root:Loading dataframe for current category : applied_sciences
INFO:root:Splitting dataset in train and test
INFO:root:Cross validation fold : 1
INFO:root:Cross validation fold : 2
INFO:root:Cross validation fold : 3
INFO:root:Cross validation fold : 4
INFO:root:Cross validation fold : 5
INFO:root:Cross validation fold : 6
INFO:root:Cross validation fold : 7
INFO:root:Cross validation fold : 8
INFO:root:Cross validation fold : 9
INFO:root:Cross validation fold : 10
INFO:root:Training model on training dataset
INFO:root:Start to test model and evaluate scores
INFO:root:Saving score on file : results_single_NN/applied_sciences_results.pkl
INFO:root:CURRENT RESULTS FOR CATEGORY : applied_sciences are 
 {'accuracy_training_test_k_fold_cv': [0.8305555555555556, 0.8055555555555556, 0.8166666666666667, 0.8388888888888889, 0.8138888888888889, 0.8361111111111111, 0.8333333333333334, 0.8472222222222222, 0.825, 0.8472222222222222], 'training_accuracie': 0.8933333333333333, 'test_accuracie': 0.85, 'f1_score': array([0.92682927, 0.81927711, 0.94444444, 0.8125    , 0.91891892,
       0.64444444, 0.86363636, 0.81188119]), 'precision': array([0.93442623, 0.89473684, 0.89473684, 0.8125    , 0.94444444,
       0.55769231, 0.92682927, 0.83673469]), 'recall': array([0.91935484, 0.75555556, 1.        , 0.8125    , 0.89473684,
       0.76315789, 0.80851064, 0.78846154])}
INFO:root:Loading dataframe for current category : communications
INFO:root:Splitting dataset in train and test
INFO:root:Cross validation fold : 1
INFO:root:Cross validation fold : 2
INFO:root:Cross validation fold : 3
INFO:root:Cross validation fold : 4
INFO:root:Cross validation fold : 5
INFO:root:Cross validation fold : 6
INFO:root:Cross validation fold : 7
INFO:root:Cross validation fold : 8
INFO:root:Cross validation fold : 9
INFO:root:Cross validation fold : 10
INFO:root:Training model on training dataset
INFO:root:Start to test model and evaluate scores
INFO:root:Saving score on file : results_single_NN/communications_results.pkl
INFO:root:CURRENT RESULTS FOR CATEGORY : communications are 
 {'accuracy_training_test_k_fold_cv': [0.7185185185185186, 0.7481481481481481, 0.7703703703703704, 0.7851851851851852, 0.7925925925925926, 0.725925925925926, 0.7111111111111111, 0.7777777777777778, 0.7555555555555555, 0.7111111111111111], 'training_accuracie': 0.8074074074074075, 'test_accuracie': 0.7133333333333334, 'f1_score': array([0.76363636, 0.58139535, 0.76923077]), 'precision': array([0.80769231, 0.55555556, 0.75471698]), 'recall': array([0.72413793, 0.6097561 , 0.78431373])}
INFO:root:Loading dataframe for current category : social_analysis
INFO:root:Splitting dataset in train and test
INFO:root:Cross validation fold : 1
INFO:root:Cross validation fold : 2
INFO:root:Cross validation fold : 3
INFO:root:Cross validation fold : 4
INFO:root:Cross validation fold : 5
INFO:root:Cross validation fold : 6
INFO:root:Cross validation fold : 7
INFO:root:Cross validation fold : 8
INFO:root:Cross validation fold : 9
INFO:root:Cross validation fold : 10
INFO:root:Training model on training dataset
INFO:root:Start to test model and evaluate scores
INFO:root:Saving score on file : results_single_NN/social_analysis_results.pkl
INFO:root:CURRENT RESULTS FOR CATEGORY : social_analysis are 
 {'accuracy_training_test_k_fold_cv': [0.8055555555555556, 0.8277777777777777, 0.8055555555555556, 0.7944444444444444, 0.8277777777777777, 0.8277777777777777, 0.85, 0.7888888888888889, 0.8611111111111112, 0.85], 'training_accuracie': 0.8811111111111111, 'test_accuracie': 0.86, 'f1_score': array([0.89583333, 0.8       , 0.79591837, 0.94339623]), 'precision': array([0.86      , 0.85106383, 0.75      , 0.98039216]), 'recall': array([0.93478261, 0.75471698, 0.84782609, 0.90909091])}
INFO:root:Loading dataframe for current category : humanities
INFO:root:Splitting dataset in train and test
INFO:root:Cross validation fold : 1
INFO:root:Cross validation fold : 2
INFO:root:Cross validation fold : 3
INFO:root:Cross validation fold : 4
INFO:root:Cross validation fold : 5
INFO:root:Cross validation fold : 6
INFO:root:Cross validation fold : 7
INFO:root:Cross validation fold : 8
INFO:root:Cross validation fold : 9
INFO:root:Cross validation fold : 10
INFO:root:Training model on training dataset
INFO:root:Start to test model and evaluate scores
INFO:root:Saving score on file : results_single_NN/humanities_results.pkl
INFO:root:CURRENT RESULTS FOR CATEGORY : humanities are 
 {'accuracy_training_test_k_fold_cv': [0.8, 0.7555555555555555, 0.7037037037037037, 0.762962962962963, 0.7910447761194029, 0.664179104477612, 0.746268656716418, 0.7164179104477612, 0.753731343283582, 0.746268656716418], 'training_accuracie': 0.8087797619047619, 'test_accuracie': 0.7666666666666667, 'f1_score': array([0.75510204, 0.86792453, 0.66666667]), 'precision': array([0.77083333, 0.86792453, 0.65306122]), 'recall': array([0.74      , 0.86792453, 0.68085106])}
INFO:root:Loading dataframe for current category : root
INFO:root:Splitting dataset in train and test
INFO:root:Cross validation fold : 1
INFO:root:Cross validation fold : 2
INFO:root:Cross validation fold : 3
INFO:root:Cross validation fold : 4
INFO:root:Cross validation fold : 5
INFO:root:Cross validation fold : 6
INFO:root:Cross validation fold : 7
INFO:root:Cross validation fold : 8
INFO:root:Cross validation fold : 9
INFO:root:Cross validation fold : 10
INFO:root:Training model on training dataset
INFO:root:Start to test model and evaluate scores
INFO:root:Saving score on file : results_single_NN/root_results.pkl
INFO:root:CURRENT RESULTS FOR CATEGORY : root are 
 {'accuracy_training_test_k_fold_cv': [0.5356200527704486, 0.5158311345646438, 0.48284960422163586, 0.5019815059445178, 0.4715984147952444, 0.4676354029062087, 0.4808454425363276, 0.5019815059445178, 0.4623513870541612, 0.47556142668428003], 'training_accuracie': 0.6170606100620626, 'test_accuracie': 0.46080760095011875, 'f1_score': array([0.49056604, 0.6728972 , 0.42105263, 0.54098361, 0.66666667,
       0.49056604, 0.35416667, 0.37894737, 0.34951456, 0.30927835,
       0.64285714, 0.37362637, 0.32258065, 0.52380952, 0.48598131,
       0.33663366, 0.48739496]), 'precision': array([0.48148148, 0.58064516, 0.58823529, 0.47142857, 0.65      ,
       0.48148148, 0.32075472, 0.32142857, 0.33333333, 0.36585366,
       0.64285714, 0.43589744, 0.39473684, 0.51162791, 0.5       ,
       0.35416667, 0.46774194]), 'recall': array([0.5       , 0.8       , 0.32786885, 0.63461538, 0.68421053,
       0.5       , 0.39534884, 0.46153846, 0.36734694, 0.26785714,
       0.64285714, 0.32692308, 0.27272727, 0.53658537, 0.47272727,
       0.32075472, 0.50877193])}
INFO:root:Loading dataframe for current category : earth_sciences
INFO:root:Splitting dataset in train and test
INFO:root:Cross validation fold : 1
INFO:root:Cross validation fold : 2
INFO:root:Cross validation fold : 3
INFO:root:Cross validation fold : 4
INFO:root:Cross validation fold : 5
INFO:root:Cross validation fold : 6
INFO:root:Cross validation fold : 7
INFO:root:Cross validation fold : 8
INFO:root:Cross validation fold : 9
INFO:root:Cross validation fold : 10
INFO:root:Training model on training dataset
INFO:root:Start to test model and evaluate scores
INFO:root:Saving score on file : results_single_NN/earth_sciences_results.pkl
INFO:root:CURRENT RESULTS FOR CATEGORY : earth_sciences are 
 {'accuracy_training_test_k_fold_cv': [0.7933333333333333, 0.7333333333333333, 0.7422222222222222, 0.7511111111111111, 0.6955555555555556, 0.7133333333333334, 0.7444444444444445, 0.6955555555555556, 0.7511111111111111, 0.7355555555555555], 'training_accuracie': 0.8175555555555556, 'test_accuracie': 0.766, 'f1_score': array([0.86178862, 0.71559633, 0.73076923, 0.65116279, 0.81632653,
       0.68571429, 0.7826087 , 0.69902913, 0.84615385, 0.8627451 ]), 'precision': array([0.88333333, 0.70909091, 0.71698113, 0.66666667, 0.85106383,
       0.70588235, 0.76595745, 0.75      , 0.78571429, 0.8       ]), 'recall': array([0.84126984, 0.72222222, 0.74509804, 0.63636364, 0.78431373,
       0.66666667, 0.8       , 0.65454545, 0.91666667, 0.93617021])}
INFO:root:Loading dataframe for current category : arts
INFO:root:Splitting dataset in train and test
INFO:root:Cross validation fold : 1
INFO:root:Cross validation fold : 2
INFO:root:Cross validation fold : 3
INFO:root:Cross validation fold : 4
INFO:root:Cross validation fold : 5
INFO:root:Cross validation fold : 6
INFO:root:Cross validation fold : 7
INFO:root:Cross validation fold : 8
INFO:root:Cross validation fold : 9
INFO:root:Cross validation fold : 10
INFO:root:Training model on training dataset
INFO:root:Start to test model and evaluate scores
INFO:root:Saving score on file : results_single_NN/arts_results.pkl
INFO:root:CURRENT RESULTS FOR CATEGORY : arts are 
 {'accuracy_training_test_k_fold_cv': [0.8555555555555555, 0.8555555555555555, 0.8833333333333333, 0.8222222222222222, 0.8222222222222222, 0.8166666666666667, 0.8611111111111112, 0.8444444444444444, 0.8444444444444444, 0.8777777777777778], 'training_accuracie': 0.8944444444444445, 'test_accuracie': 0.87, 'f1_score': array([0.90526316, 0.83168317, 0.8       , 0.92982456]), 'precision': array([0.87755102, 0.875     , 0.81818182, 0.89830508]), 'recall': array([0.93478261, 0.79245283, 0.7826087 , 0.96363636])}
INFO:root:Loading dataframe for current category : education_and_communications
INFO:root:Splitting dataset in train and test
INFO:root:Cross validation fold : 1
INFO:root:Cross validation fold : 2
INFO:root:Cross validation fold : 3
INFO:root:Cross validation fold : 4
INFO:root:Cross validation fold : 5
INFO:root:Cross validation fold : 6
INFO:root:Cross validation fold : 7
INFO:root:Cross validation fold : 8
INFO:root:Cross validation fold : 9
INFO:root:Cross validation fold : 10
INFO:root:Training model on training dataset
INFO:root:Start to test model and evaluate scores
INFO:root:Saving score on file : results_single_NN/education_and_communications_results.pkl
INFO:root:CURRENT RESULTS FOR CATEGORY : education_and_communications are 
 {'accuracy_training_test_k_fold_cv': [0.6814814814814815, 0.6851851851851852, 0.6925925925925925, 0.7074074074074074, 0.725925925925926, 0.7, 0.6888888888888889, 0.7296296296296296, 0.6951672862453532, 0.6691449814126395], 'training_accuracie': 0.7776130467012602, 'test_accuracie': 0.7066666666666667, 'f1_score': array([0.8125    , 0.83146067, 0.55319149, 0.81904762, 0.58695652,
       0.58695652]), 'precision': array([0.7761194 , 0.88095238, 0.56521739, 0.82692308, 0.55102041,
       0.61363636]), 'recall': array([0.85245902, 0.78723404, 0.54166667, 0.81132075, 0.62790698,
       0.5625    ])}
INFO:root:Loading dataframe for current category : natural_and_applied_sciences
INFO:root:Splitting dataset in train and test
INFO:root:Cross validation fold : 1
INFO:root:Cross validation fold : 2
INFO:root:Cross validation fold : 3
INFO:root:Cross validation fold : 4
INFO:root:Cross validation fold : 5
INFO:root:Cross validation fold : 6
INFO:root:Cross validation fold : 7
INFO:root:Cross validation fold : 8
INFO:root:Cross validation fold : 9
INFO:root:Cross validation fold : 10
INFO:root:Training model on training dataset
INFO:root:Start to test model and evaluate scores
INFO:root:Saving score on file : results_single_NN/natural_and_applied_sciences_results.pkl
INFO:root:CURRENT RESULTS FOR CATEGORY : natural_and_applied_sciences are 
 {'accuracy_training_test_k_fold_cv': [0.7555555555555555, 0.75, 0.7678571428571429, 0.75, 0.7544642857142857, 0.7633928571428571, 0.7366071428571429, 0.7455357142857143, 0.6964285714285714, 0.7723214285714286], 'training_accuracie': 0.8536367692994199, 'test_accuracie': 0.732, 'f1_score': array([0.64761905, 0.80392157, 0.80701754, 0.59574468, 0.8       ]), 'precision': array([0.60714286, 0.75925926, 0.83636364, 0.65116279, 0.80952381]), 'recall': array([0.69387755, 0.85416667, 0.77966102, 0.54901961, 0.79069767])}
INFO:root:Loading dataframe for current category : industrial_structures_and_policy
INFO:root:Splitting dataset in train and test
INFO:root:Cross validation fold : 1
INFO:root:Cross validation fold : 2
INFO:root:Cross validation fold : 3
INFO:root:Cross validation fold : 4
INFO:root:Cross validation fold : 5
INFO:root:Cross validation fold : 6
INFO:root:Cross validation fold : 7
INFO:root:Cross validation fold : 8
INFO:root:Cross validation fold : 9
INFO:root:Cross validation fold : 10
INFO:root:Training model on training dataset
INFO:root:Start to test model and evaluate scores
INFO:root:Saving score on file : results_single_NN/industrial_structures_and_policy_results.pkl
INFO:root:CURRENT RESULTS FOR CATEGORY : industrial_structures_and_policy are 
 {'accuracy_training_test_k_fold_cv': [0.9173553719008265, 0.9256198347107438, 0.9008264462809917, 0.8677685950413223, 0.859504132231405, 0.9504132231404959, 0.9, 0.9083333333333333, 0.925, 0.8916666666666667], 'training_accuracie': 0.9212271973466003, 'test_accuracie': 0.8888888888888888, 'f1_score': array([0.84057971, 0.89320388, 0.91836735]), 'precision': array([0.80555556, 0.88461538, 0.95744681]), 'recall': array([0.87878788, 0.90196078, 0.88235294])}
INFO:root:Loading dataframe for current category : social_framework
INFO:root:Splitting dataset in train and test
INFO:root:Cross validation fold : 1
INFO:root:Cross validation fold : 2
INFO:root:Cross validation fold : 3
INFO:root:Cross validation fold : 4
INFO:root:Cross validation fold : 5
INFO:root:Cross validation fold : 6
INFO:root:Cross validation fold : 7
INFO:root:Cross validation fold : 8
INFO:root:Cross validation fold : 9
INFO:root:Cross validation fold : 10
INFO:root:Training model on training dataset
INFO:root:Start to test model and evaluate scores
INFO:root:Saving score on file : results_single_NN/social_framework_results.pkl
INFO:root:CURRENT RESULTS FOR CATEGORY : social_framework are 
 {'accuracy_training_test_k_fold_cv': [0.8222222222222222, 0.8296296296296296, 0.837037037037037, 0.8518518518518519, 0.837037037037037, 0.8518518518518519, 0.837037037037037, 0.8296296296296296, 0.8666666666666667, 0.8592592592592593], 'training_accuracie': 0.8888888888888888, 'test_accuracie': 0.88, 'f1_score': array([0.86440678, 0.875     , 0.90196078]), 'precision': array([0.85      , 0.8974359 , 0.90196078]), 'recall': array([0.87931034, 0.85365854, 0.90196078])}
INFO:root:Loading dataframe for current category : research_and_intellectual_property
INFO:root:Splitting dataset in train and test
INFO:root:Cross validation fold : 1
INFO:root:Cross validation fold : 2
INFO:root:Cross validation fold : 3
INFO:root:Cross validation fold : 4
INFO:root:Cross validation fold : 5
INFO:root:Cross validation fold : 6
INFO:root:Cross validation fold : 7
INFO:root:Cross validation fold : 8
INFO:root:Cross validation fold : 9
INFO:root:Cross validation fold : 10
INFO:root:Training model on training dataset
INFO:root:Start to test model and evaluate scores
INFO:root:Saving score on file : results_single_NN/research_and_intellectual_property_results.pkl
INFO:root:CURRENT RESULTS FOR CATEGORY : research_and_intellectual_property are 
 {'accuracy_training_test_k_fold_cv': [0.8962962962962963, 0.9104477611940298, 0.8955223880597015, 0.9029850746268657, 0.8880597014925373, 0.8805970149253731, 0.9104477611940298, 0.9253731343283582, 0.9328358208955224, 0.8880597014925373], 'training_accuracie': 0.947800149142431, 'test_accuracie': 0.8933333333333333, 'f1_score': array([0.92307692, 0.84090909, 0.90526316]), 'precision': array([0.9       , 0.82222222, 0.95555556]), 'recall': array([0.94736842, 0.86046512, 0.86      ])}
INFO:root:Loading dataframe for current category : technology
INFO:root:Splitting dataset in train and test
INFO:root:Cross validation fold : 1
INFO:root:Cross validation fold : 2
INFO:root:Cross validation fold : 3
INFO:root:Cross validation fold : 4
INFO:root:Cross validation fold : 5
INFO:root:Cross validation fold : 6
INFO:root:Cross validation fold : 7
INFO:root:Cross validation fold : 8
INFO:root:Cross validation fold : 9
INFO:root:Cross validation fold : 10
INFO:root:Training model on training dataset
INFO:root:Start to test model and evaluate scores
INFO:root:Saving score on file : results_single_NN/technology_results.pkl
INFO:root:CURRENT RESULTS FOR CATEGORY : technology are 
 {'accuracy_training_test_k_fold_cv': [0.7444444444444445, 0.6611111111111111, 0.7444444444444445, 0.7, 0.7055555555555556, 0.6944444444444444, 0.6927374301675978, 0.7318435754189944, 0.6536312849162011, 0.6089385474860335], 'training_accuracie': 0.7895322939866369, 'test_accuracie': 0.72, 'f1_score': array([0.82352941, 0.80434783, 0.57731959, 0.65217391]), 'precision': array([0.765625  , 0.75510204, 0.65116279, 0.68181818]), 'recall': array([0.89090909, 0.86046512, 0.51851852, 0.625     ])}
INFO:root:Loading dataframe for current category : transport
INFO:root:Splitting dataset in train and test
INFO:root:Cross validation fold : 1
INFO:root:Cross validation fold : 2
INFO:root:Cross validation fold : 3
INFO:root:Cross validation fold : 4
INFO:root:Cross validation fold : 5
INFO:root:Cross validation fold : 6
INFO:root:Cross validation fold : 7
INFO:root:Cross validation fold : 8
INFO:root:Cross validation fold : 9
INFO:root:Cross validation fold : 10
INFO:root:Training model on training dataset
INFO:root:Start to test model and evaluate scores
INFO:root:Saving score on file : results_single_NN/transport_results.pkl
INFO:root:CURRENT RESULTS FOR CATEGORY : transport are 
 {'accuracy_training_test_k_fold_cv': [0.8, 0.8962962962962963, 0.8666666666666667, 0.8888888888888888, 0.8814814814814815, 0.9037037037037037, 0.9185185185185185, 0.8222222222222222, 0.8518518518518519, 0.8962962962962963], 'training_accuracie': 0.9244444444444444, 'test_accuracie': 0.88, 'f1_score': array([0.88695652, 0.875     , 0.87619048]), 'precision': array([0.89473684, 0.8974359 , 0.85185185]), 'recall': array([0.87931034, 0.85365854, 0.90196078])}
INFO:root:Loading dataframe for current category : agri-foodstuffs
INFO:root:Splitting dataset in train and test
INFO:root:Cross validation fold : 1
INFO:root:Cross validation fold : 2
INFO:root:Cross validation fold : 3
INFO:root:Cross validation fold : 4
INFO:root:Cross validation fold : 5
INFO:root:Cross validation fold : 6
INFO:root:Cross validation fold : 7
INFO:root:Cross validation fold : 8
INFO:root:Cross validation fold : 9
INFO:root:Cross validation fold : 10
INFO:root:Training model on training dataset
INFO:root:Start to test model and evaluate scores
INFO:root:Saving score on file : results_single_NN/agri-foodstuffs_results.pkl
INFO:root:CURRENT RESULTS FOR CATEGORY : agri-foodstuffs are 
 {'accuracy_training_test_k_fold_cv': [0.9037037037037037, 0.8814814814814815, 0.9481481481481482, 0.9185185185185185, 0.9333333333333333, 0.9185185185185185, 0.8888888888888888, 0.9111111111111111, 0.8888888888888888, 0.9481481481481482], 'training_accuracie': 0.945925925925926, 'test_accuracie': 0.9, 'f1_score': array([0.9137931 , 0.88095238, 0.9       ]), 'precision': array([0.9137931 , 0.86046512, 0.91836735]), 'recall': array([0.9137931 , 0.90243902, 0.88235294])}
INFO:root:Loading dataframe for current category : technology_and_data_processing
INFO:root:Splitting dataset in train and test
INFO:root:Cross validation fold : 1
INFO:root:Cross validation fold : 2
INFO:root:Cross validation fold : 3
INFO:root:Cross validation fold : 4
INFO:root:Cross validation fold : 5
INFO:root:Cross validation fold : 6
INFO:root:Cross validation fold : 7
INFO:root:Cross validation fold : 8
INFO:root:Cross validation fold : 9
INFO:root:Cross validation fold : 10
INFO:root:Training model on training dataset
INFO:root:Start to test model and evaluate scores
INFO:root:Saving score on file : results_single_NN/technology_and_data_processing_results.pkl
INFO:root:CURRENT RESULTS FOR CATEGORY : technology_and_data_processing are 
 {'accuracy_training_test_k_fold_cv': [0.762962962962963, 0.7185185185185186, 0.6888888888888889, 0.6814814814814815, 0.7333333333333333, 0.7037037037037037, 0.6888888888888889, 0.6962962962962963, 0.7238805970149254, 0.6865671641791045], 'training_accuracie': 0.787833827893175, 'test_accuracie': 0.7533333333333333, 'f1_score': array([0.68627451, 0.8       , 0.77419355]), 'precision': array([0.76086957, 0.75      , 0.75      ]), 'recall': array([0.625     , 0.85714286, 0.8       ])}
INFO:root:Loading dataframe for current category : economics
INFO:root:Splitting dataset in train and test
INFO:root:Cross validation fold : 1
INFO:root:Cross validation fold : 2
INFO:root:Cross validation fold : 3
INFO:root:Cross validation fold : 4
INFO:root:Cross validation fold : 5
INFO:root:Cross validation fold : 6
INFO:root:Cross validation fold : 7
INFO:root:Cross validation fold : 8
INFO:root:Cross validation fold : 9
INFO:root:Cross validation fold : 10
INFO:root:Training model on training dataset
INFO:root:Start to test model and evaluate scores
INFO:root:Saving score on file : results_single_NN/economics_results.pkl
INFO:root:CURRENT RESULTS FOR CATEGORY : economics are 
 {'accuracy_training_test_k_fold_cv': [0.8777777777777778, 0.8777777777777778, 0.8555555555555555, 0.9111111111111111, 0.8111111111111111, 0.8777777777777778, 0.8888888888888888, 0.9101123595505618, 0.898876404494382, 0.8539325842696629], 'training_accuracie': 0.9063545150501672, 'test_accuracie': 0.89, 'f1_score': array([0.87640449, 0.9009009 ]), 'precision': array([0.82978723, 0.94339623]), 'recall': array([0.92857143, 0.86206897])}
INFO:root:Loading dataframe for current category : environment
INFO:root:Splitting dataset in train and test
INFO:root:Cross validation fold : 1
INFO:root:Cross validation fold : 2
INFO:root:Cross validation fold : 3
INFO:root:Cross validation fold : 4
INFO:root:Cross validation fold : 5
INFO:root:Cross validation fold : 6
INFO:root:Cross validation fold : 7
INFO:root:Cross validation fold : 8
INFO:root:Cross validation fold : 9
INFO:root:Cross validation fold : 10
INFO:root:Training model on training dataset
INFO:root:Start to test model and evaluate scores
INFO:root:Saving score on file : results_single_NN/environment_results.pkl
INFO:root:CURRENT RESULTS FOR CATEGORY : environment are 
 {'accuracy_training_test_k_fold_cv': [0.7777777777777778, 0.8, 0.8111111111111111, 0.8333333333333334, 0.7444444444444445, 0.8111111111111111, 0.8222222222222222, 0.8111111111111111, 0.8111111111111111, 0.8], 'training_accuracie': 0.84, 'test_accuracie': 0.8, 'f1_score': array([0.79166667, 0.80769231]), 'precision': array([0.79166667, 0.80769231]), 'recall': array([0.79166667, 0.80769231])}
INFO:root:Loading dataframe for current category : trade
INFO:root:Splitting dataset in train and test
INFO:root:Cross validation fold : 1
INFO:root:Cross validation fold : 2
INFO:root:Cross validation fold : 3
INFO:root:Cross validation fold : 4
INFO:root:Cross validation fold : 5
INFO:root:Cross validation fold : 6
INFO:root:Cross validation fold : 7
INFO:root:Cross validation fold : 8
INFO:root:Cross validation fold : 9
INFO:root:Cross validation fold : 10
INFO:root:Training model on training dataset
INFO:root:Start to test model and evaluate scores
INFO:root:Saving score on file : results_single_NN/trade_results.pkl
INFO:root:CURRENT RESULTS FOR CATEGORY : trade are 
 {'accuracy_training_test_k_fold_cv': [0.7881944444444444, 0.7916666666666666, 0.7881944444444444, 0.8020833333333334, 0.7569444444444444, 0.7638888888888888, 0.8229166666666666, 0.7491289198606271, 0.8292682926829268, 0.7560975609756098], 'training_accuracie': 0.8710462287104623, 'test_accuracie': 0.83125, 'f1_score': array([0.80291971, 0.89130435, 0.77894737, 0.80519481, 0.80434783,
       0.91304348, 0.83636364]), 'precision': array([0.79710145, 0.89130435, 0.77083333, 0.83783784, 0.75510204,
       0.91304348, 0.92      ]), 'recall': array([0.80882353, 0.89130435, 0.78723404, 0.775     , 0.86046512,
       0.91304348, 0.76666667])}
INFO:root:Loading dataframe for current category : physical_sciences
INFO:root:Splitting dataset in train and test
INFO:root:Cross validation fold : 1
INFO:root:Cross validation fold : 2
INFO:root:Cross validation fold : 3
INFO:root:Cross validation fold : 4
INFO:root:Cross validation fold : 5
INFO:root:Cross validation fold : 6
INFO:root:Cross validation fold : 7
INFO:root:Cross validation fold : 8
INFO:root:Cross validation fold : 9
INFO:root:Cross validation fold : 10
INFO:root:Training model on training dataset
INFO:root:Start to test model and evaluate scores
INFO:root:Saving score on file : results_single_NN/physical_sciences_results.pkl
INFO:root:CURRENT RESULTS FOR CATEGORY : physical_sciences are 
 {'accuracy_training_test_k_fold_cv': [0.7575757575757576, 0.692929292929293, 0.7070707070707071, 0.692929292929293, 0.7454545454545455, 0.7151515151515152, 0.7353535353535353, 0.696969696969697, 0.7131313131313132, 0.6720647773279352], 'training_accuracie': 0.8042028692665185, 'test_accuracie': 0.7236363636363636, 'f1_score': array([0.7480916 , 0.81553398, 0.78461538, 0.72340426, 0.75728155,
       0.56716418, 0.64150943, 0.68965517, 0.68235294, 0.80373832,
       0.64367816]), 'precision': array([0.7       , 0.79245283, 0.75      , 0.77272727, 0.82978723,
       0.7037037 , 0.61818182, 0.63829787, 0.65909091, 0.82692308,
       0.65116279]), 'recall': array([0.80327869, 0.84      , 0.82258065, 0.68      , 0.69642857,
       0.475     , 0.66666667, 0.75      , 0.70731707, 0.78181818,
       0.63636364])}
INFO:root:Loading dataframe for current category : production_technology_and_research
INFO:root:Splitting dataset in train and test
INFO:root:Cross validation fold : 1
INFO:root:Cross validation fold : 2
INFO:root:Cross validation fold : 3
INFO:root:Cross validation fold : 4
INFO:root:Cross validation fold : 5
INFO:root:Cross validation fold : 6
INFO:root:Cross validation fold : 7
INFO:root:Cross validation fold : 8
INFO:root:Cross validation fold : 9
INFO:root:Cross validation fold : 10
INFO:root:Training model on training dataset
INFO:root:Start to test model and evaluate scores
INFO:root:Saving score on file : results_single_NN/production_technology_and_research_results.pkl
INFO:root:CURRENT RESULTS FOR CATEGORY : production_technology_and_research are 
 {'accuracy_training_test_k_fold_cv': [0.8222222222222222, 0.8666666666666667, 0.762962962962963, 0.762962962962963, 0.8148148148148148, 0.8444444444444444, 0.8148148148148148, 0.8, 0.7686567164179104, 0.8507462686567164], 'training_accuracie': 0.8686943620178041, 'test_accuracie': 0.78, 'f1_score': array([0.89285714, 0.69387755, 0.73333333]), 'precision': array([0.89285714, 0.69387755, 0.73333333]), 'recall': array([0.89285714, 0.69387755, 0.73333333])}
INFO:root:Loading dataframe for current category : demography_and_population
INFO:root:Splitting dataset in train and test
INFO:root:Cross validation fold : 1
INFO:root:Cross validation fold : 2
INFO:root:Cross validation fold : 3
INFO:root:Cross validation fold : 4
INFO:root:Cross validation fold : 5
INFO:root:Cross validation fold : 6
INFO:root:Cross validation fold : 7
INFO:root:Cross validation fold : 8
INFO:root:Cross validation fold : 9
INFO:root:Cross validation fold : 10
INFO:root:Training model on training dataset
INFO:root:Start to test model and evaluate scores
INFO:root:Saving score on file : results_single_NN/demography_and_population_results.pkl
INFO:root:CURRENT RESULTS FOR CATEGORY : demography_and_population are 
 {'accuracy_training_test_k_fold_cv': [0.8888888888888888, 0.9333333333333333, 0.9222222222222223, 0.8666666666666667, 0.9, 0.9111111111111111, 0.9444444444444444, 0.9222222222222223, 0.9444444444444444, 0.9333333333333333], 'training_accuracie': 0.9388888888888889, 'test_accuracie': 0.92, 'f1_score': array([0.91666667, 0.92307692]), 'precision': array([0.91666667, 0.92307692]), 'recall': array([0.91666667, 0.92307692])}
INFO:root:Loading dataframe for current category : computer_system
INFO:root:Splitting dataset in train and test
INFO:root:Cross validation fold : 1
INFO:root:Cross validation fold : 2
INFO:root:Cross validation fold : 3
INFO:root:Cross validation fold : 4
INFO:root:Cross validation fold : 5
INFO:root:Cross validation fold : 6
INFO:root:Cross validation fold : 7
INFO:root:Cross validation fold : 8
INFO:root:Cross validation fold : 9
INFO:root:Cross validation fold : 10
INFO:root:Training model on training dataset
INFO:root:Start to test model and evaluate scores
INFO:root:Saving score on file : results_single_NN/computer_system_results.pkl
INFO:root:CURRENT RESULTS FOR CATEGORY : computer_system are 
 {'accuracy_training_test_k_fold_cv': [0.7407407407407407, 0.6962962962962963, 0.7703703703703704, 0.7555555555555555, 0.7185185185185186, 0.7037037037037037, 0.7185185185185186, 0.6666666666666666, 0.7407407407407407, 0.6592592592592592], 'training_accuracie': 0.8037037037037037, 'test_accuracie': 0.7533333333333333, 'f1_score': array([0.73333333, 0.80487805, 0.73469388]), 'precision': array([0.70967742, 0.80487805, 0.76595745]), 'recall': array([0.75862069, 0.80487805, 0.70588235])}
INFO:root:Loading dataframe for current category : sport
INFO:root:Splitting dataset in train and test
INFO:root:Cross validation fold : 1
INFO:root:Cross validation fold : 2
INFO:root:Cross validation fold : 3
INFO:root:Cross validation fold : 4
INFO:root:Cross validation fold : 5
INFO:root:Cross validation fold : 6
INFO:root:Cross validation fold : 7
INFO:root:Cross validation fold : 8
INFO:root:Cross validation fold : 9
INFO:root:Cross validation fold : 10
INFO:root:Training model on training dataset
INFO:root:Start to test model and evaluate scores
INFO:root:Saving score on file : results_single_NN/sport_results.pkl
INFO:root:CURRENT RESULTS FOR CATEGORY : sport are 
 {'accuracy_training_test_k_fold_cv': [0.8888888888888888, 0.8888888888888888, 0.8740740740740741, 0.9111111111111111, 0.8851851851851852, 0.9296296296296296, 0.8666666666666667, 0.8814814814814815, 0.8888888888888888, 0.8888888888888888], 'training_accuracie': 0.9225925925925926, 'test_accuracie': 0.91, 'f1_score': array([0.9047619 , 0.93023256, 0.8125    , 0.97029703, 0.87640449,
       0.96078431]), 'precision': array([0.9047619 , 0.95238095, 0.8125    , 1.        , 0.84782609,
       0.94230769]), 'recall': array([0.9047619 , 0.90909091, 0.8125    , 0.94230769, 0.90697674,
       0.98      ])}
INFO:root:Loading dataframe for current category : finance
INFO:root:Splitting dataset in train and test
INFO:root:Cross validation fold : 1
INFO:root:Cross validation fold : 2
INFO:root:Cross validation fold : 3
INFO:root:Cross validation fold : 4
INFO:root:Cross validation fold : 5
INFO:root:Cross validation fold : 6
INFO:root:Cross validation fold : 7
INFO:root:Cross validation fold : 8
INFO:root:Cross validation fold : 9
INFO:root:Cross validation fold : 10
INFO:root:Training model on training dataset
INFO:root:Start to test model and evaluate scores
INFO:root:Saving score on file : results_single_NN/finance_results.pkl
INFO:root:CURRENT RESULTS FOR CATEGORY : finance are 
 {'accuracy_training_test_k_fold_cv': [0.5416666666666666, 0.59375, 0.5625, 0.5520833333333334, 0.61875, 0.575, 0.5854166666666667, 0.5615866388308977, 0.5803757828810021, 0.5720250521920668], 'training_accuracie': 0.7046070460704607, 'test_accuracie': 0.5337078651685393, 'f1_score': array([0.76470588, 0.51327434, 0.30769231, 0.39175258, 0.51515152,
       0.5       , 0.59459459, 0.61052632, 0.6993007 , 0.3826087 ,
       0.55813953]), 'precision': array([0.8125    , 0.52727273, 0.35294118, 0.3877551 , 0.60714286,
       0.54545455, 0.55      , 0.58      , 0.64935065, 0.33846154,
       0.6       ]), 'recall': array([0.72222222, 0.5       , 0.27272727, 0.39583333, 0.44736842,
       0.46153846, 0.64705882, 0.64444444, 0.75757576, 0.44      ,
       0.52173913])}
INFO:root:Save results all categories on file results_single_NN/results_all_categories.pkl
