2019-09-28 00:51:41,890 INFO training.py Loading categories from json file
2019-09-28 00:51:41,892 INFO training.py Reading types of training between doc2vec or doc2vec-bow
2019-09-28 00:51:41,893 INFO training.py Loading dataframe for current category : pets
2019-09-28 00:51:46,384 INFO training.py Dataset normalization
2019-09-28 00:51:46,465 INFO training.py Splitting dataset in train and test
2019-09-28 00:51:46,474 INFO training.py Cross validation fold : 1
2019-09-28 00:51:46,474 INFO training.py Splitting dataset in train and test for current cross validation
2019-09-28 00:51:46,488 INFO training.py Start Training
2019-09-28 00:51:48,428 INFO training.py Cross validation fold : 2
2019-09-28 00:51:48,428 INFO training.py Splitting dataset in train and test for current cross validation
2019-09-28 00:51:48,448 INFO training.py Start Training
2019-09-28 00:51:50,419 INFO training.py Cross validation fold : 3
2019-09-28 00:51:50,419 INFO training.py Splitting dataset in train and test for current cross validation
2019-09-28 00:51:50,440 INFO training.py Start Training
2019-09-28 00:51:52,448 INFO training.py Cross validation fold : 4
2019-09-28 00:51:52,448 INFO training.py Splitting dataset in train and test for current cross validation
2019-09-28 00:51:52,468 INFO training.py Start Training
2019-09-28 00:51:54,461 INFO training.py Cross validation fold : 5
2019-09-28 00:51:54,461 INFO training.py Splitting dataset in train and test for current cross validation
2019-09-28 00:51:54,482 INFO training.py Start Training
2019-09-28 00:51:56,488 INFO training.py Training model on training dataset
2019-09-28 00:51:58,830 INFO training.py Start to test model and evaluate scores
2019-09-28 00:51:58,848 INFO training.py Saving score on file : results_single_NN_doc2vec/pets_results.pkl
2019-09-28 00:51:58,860 INFO training.py CURRENT RESULTS FOR CATEGORY : pets are 
 {'avg_accuracy_training_test_k_fold_cv': 0.811096532124332, 'training_accuracies': 0.8645937813440321, 'test_accuracies': 0.8138138138138138, 'f1_score': array([0.77941176, 0.77922078, 0.81904762, 0.84536082, 0.80487805,
       0.87179487, 0.81318681]), 'precision': array([0.79104478, 0.83333333, 0.84313725, 0.83673469, 0.7173913 ,
       0.89473684, 0.80434783]), 'recall': array([0.76811594, 0.73170732, 0.7962963 , 0.85416667, 0.91666667,
       0.85      , 0.82222222])}
2019-09-28 00:51:58,871 INFO training.py Loading dataframe for current category : automotive_and_vehicles
2019-09-28 00:51:58,949 INFO training.py Dataset normalization
2019-09-28 00:51:59,009 INFO training.py Splitting dataset in train and test
2019-09-28 00:51:59,011 INFO training.py Cross validation fold : 1
2019-09-28 00:51:59,011 INFO training.py Splitting dataset in train and test for current cross validation
2019-09-28 00:51:59,013 INFO training.py Start Training
2019-09-28 00:52:00,920 INFO training.py Cross validation fold : 2
2019-09-28 00:52:00,921 INFO training.py Splitting dataset in train and test for current cross validation
2019-09-28 00:52:00,923 INFO training.py Start Training
2019-09-28 00:52:03,004 INFO training.py Cross validation fold : 3
2019-09-28 00:52:03,004 INFO training.py Splitting dataset in train and test for current cross validation
2019-09-28 00:52:03,007 INFO training.py Start Training
2019-09-28 00:52:05,140 INFO training.py Cross validation fold : 4
2019-09-28 00:52:05,140 INFO training.py Splitting dataset in train and test for current cross validation
2019-09-28 00:52:05,143 INFO training.py Start Training
2019-09-28 00:52:07,302 INFO training.py Cross validation fold : 5
2019-09-28 00:52:07,302 INFO training.py Splitting dataset in train and test for current cross validation
2019-09-28 00:52:07,304 INFO training.py Start Training
2019-09-28 00:52:09,419 INFO training.py Training model on training dataset
2019-09-28 00:52:11,799 INFO training.py Start to test model and evaluate scores
2019-09-28 00:52:11,832 INFO training.py Saving score on file : results_single_NN_doc2vec/automotive_and_vehicles_results.pkl
2019-09-28 00:52:11,840 INFO training.py CURRENT RESULTS FOR CATEGORY : automotive_and_vehicles are 
 {'avg_accuracy_training_test_k_fold_cv': 0.7330628803245436, 'training_accuracies': 0.7931034482758621, 'test_accuracies': 0.7591240875912408, 'f1_score': array([0.87378641, 0.8988764 , 0.        , 0.66019417, 0.71287129,
       0.70588235, 0.57142857, 0.75609756]), 'precision': array([0.91836735, 0.85106383, 0.        , 0.66666667, 0.64285714,
       0.7826087 , 0.5       , 0.775     ]), 'recall': array([0.83333333, 0.95238095, 0.        , 0.65384615, 0.8       ,
       0.64285714, 0.66666667, 0.73809524])}
2019-09-28 00:52:11,851 INFO training.py Loading dataframe for current category : govt_and_politics
2019-09-28 00:52:11,930 INFO training.py Dataset normalization
2019-09-28 00:52:12,054 INFO training.py Splitting dataset in train and test
2019-09-28 00:52:12,055 INFO training.py Cross validation fold : 1
2019-09-28 00:52:12,055 INFO training.py Splitting dataset in train and test for current cross validation
2019-09-28 00:52:12,057 INFO training.py Start Training
2019-09-28 00:52:13,470 INFO training.py Cross validation fold : 2
2019-09-28 00:52:13,471 INFO training.py Splitting dataset in train and test for current cross validation
2019-09-28 00:52:13,473 INFO training.py Start Training
2019-09-28 00:52:14,913 INFO training.py Cross validation fold : 3
2019-09-28 00:52:14,914 INFO training.py Splitting dataset in train and test for current cross validation
2019-09-28 00:52:14,915 INFO training.py Start Training
2019-09-28 00:52:16,344 INFO training.py Cross validation fold : 4
2019-09-28 00:52:16,344 INFO training.py Splitting dataset in train and test for current cross validation
2019-09-28 00:52:16,346 INFO training.py Start Training
2019-09-28 00:52:17,729 INFO training.py Cross validation fold : 5
2019-09-28 00:52:17,729 INFO training.py Splitting dataset in train and test for current cross validation
2019-09-28 00:52:17,731 INFO training.py Start Training
2019-09-28 00:52:19,186 INFO training.py Training model on training dataset
2019-09-28 00:52:20,711 INFO training.py Start to test model and evaluate scores
2019-09-28 00:52:20,725 INFO training.py Saving score on file : results_single_NN_doc2vec/govt_and_politics_results.pkl
2019-09-28 00:52:20,734 INFO training.py CURRENT RESULTS FOR CATEGORY : govt_and_politics are 
 {'avg_accuracy_training_test_k_fold_cv': 0.74192037470726, 'training_accuracies': 0.7868852459016393, 'test_accuracies': 0.7226890756302521, 'f1_score': array([0.75268817, 0.66019417, 0.86868687, 0.7       , 0.63366337]), 'precision': array([0.7       , 0.68      , 0.93478261, 0.73684211, 0.59259259]), 'recall': array([0.81395349, 0.64150943, 0.81132075, 0.66666667, 0.68085106])}
2019-09-28 00:52:20,750 INFO training.py Loading dataframe for current category : home_and_garden
2019-09-28 00:52:20,834 INFO training.py Dataset normalization
2019-09-28 00:52:20,915 INFO training.py Splitting dataset in train and test
2019-09-28 00:52:20,919 INFO training.py Cross validation fold : 1
2019-09-28 00:52:20,919 INFO training.py Splitting dataset in train and test for current cross validation
2019-09-28 00:52:20,932 INFO training.py Start Training
2019-09-28 00:52:22,962 INFO training.py Cross validation fold : 2
2019-09-28 00:52:22,962 INFO training.py Splitting dataset in train and test for current cross validation
2019-09-28 00:52:22,964 INFO training.py Start Training
2019-09-28 00:52:24,881 INFO training.py Cross validation fold : 3
2019-09-28 00:52:24,881 INFO training.py Splitting dataset in train and test for current cross validation
2019-09-28 00:52:24,883 INFO training.py Start Training
2019-09-28 00:52:26,862 INFO training.py Cross validation fold : 4
2019-09-28 00:52:26,862 INFO training.py Splitting dataset in train and test for current cross validation
2019-09-28 00:52:26,864 INFO training.py Start Training
2019-09-28 00:52:28,892 INFO training.py Cross validation fold : 5
2019-09-28 00:52:28,893 INFO training.py Splitting dataset in train and test for current cross validation
2019-09-28 00:52:28,895 INFO training.py Start Training
2019-09-28 00:52:30,867 INFO training.py Training model on training dataset
2019-09-28 00:52:32,857 INFO training.py Start to test model and evaluate scores
2019-09-28 00:52:32,872 INFO training.py Saving score on file : results_single_NN_doc2vec/home_and_garden_results.pkl
2019-09-28 00:52:32,883 INFO training.py CURRENT RESULTS FOR CATEGORY : home_and_garden are 
 {'avg_accuracy_training_test_k_fold_cv': 0.7805739514348786, 'training_accuracies': 0.8326710816777042, 'test_accuracies': 0.7698412698412699, 'f1_score': array([0.81012658, 0.78571429, 0.77876106, 0.72897196, 0.77777778,
       0.75862069]), 'precision': array([0.82051282, 0.84615385, 0.74576271, 0.79591837, 0.76086957,
       0.7173913 ]), 'recall': array([0.8       , 0.73333333, 0.81481481, 0.67241379, 0.79545455,
       0.80487805])}
2019-09-28 00:52:32,909 INFO training.py Loading dataframe for current category : education
2019-09-28 00:52:32,969 INFO training.py Dataset normalization
2019-09-28 00:52:33,032 INFO training.py Splitting dataset in train and test
2019-09-28 00:52:33,034 INFO training.py Cross validation fold : 1
2019-09-28 00:52:33,034 INFO training.py Splitting dataset in train and test for current cross validation
2019-09-28 00:52:33,035 INFO training.py Start Training
2019-09-28 00:52:34,021 INFO training.py Cross validation fold : 2
2019-09-28 00:52:34,022 INFO training.py Splitting dataset in train and test for current cross validation
2019-09-28 00:52:34,023 INFO training.py Start Training
2019-09-28 00:52:35,028 INFO training.py Cross validation fold : 3
2019-09-28 00:52:35,028 INFO training.py Splitting dataset in train and test for current cross validation
2019-09-28 00:52:35,029 INFO training.py Start Training
2019-09-28 00:52:36,065 INFO training.py Cross validation fold : 4
2019-09-28 00:52:36,065 INFO training.py Splitting dataset in train and test for current cross validation
2019-09-28 00:52:36,067 INFO training.py Start Training
2019-09-28 00:52:37,090 INFO training.py Cross validation fold : 5
2019-09-28 00:52:37,091 INFO training.py Splitting dataset in train and test for current cross validation
2019-09-28 00:52:37,092 INFO training.py Start Training
2019-09-28 00:52:38,090 INFO training.py Training model on training dataset
2019-09-28 00:52:39,354 INFO training.py Start to test model and evaluate scores
2019-09-28 00:52:39,365 INFO training.py Saving score on file : results_single_NN_doc2vec/education_results.pkl
2019-09-28 00:52:39,372 INFO training.py CURRENT RESULTS FOR CATEGORY : education are 
 {'avg_accuracy_training_test_k_fold_cv': 0.6737588652482269, 'training_accuracies': 0.6985815602836879, 'test_accuracies': 0.6496815286624203, 'f1_score': array([0.2       , 0.86956522, 0.62626263, 0.60215054]), 'precision': array([0.6       , 0.86956522, 0.56363636, 0.54901961]), 'recall': array([0.12      , 0.86956522, 0.70454545, 0.66666667])}
2019-09-28 00:52:39,387 INFO training.py Loading dataframe for current category : family_and_parenting
2019-09-28 00:52:39,468 INFO training.py Dataset normalization
2019-09-28 00:52:39,557 INFO training.py Splitting dataset in train and test
2019-09-28 00:52:39,558 INFO training.py Cross validation fold : 1
2019-09-28 00:52:39,559 INFO training.py Splitting dataset in train and test for current cross validation
2019-09-28 00:52:39,560 INFO training.py Start Training
2019-09-28 00:52:41,409 INFO training.py Cross validation fold : 2
2019-09-28 00:52:41,409 INFO training.py Splitting dataset in train and test for current cross validation
2019-09-28 00:52:41,411 INFO training.py Start Training
2019-09-28 00:52:42,831 INFO training.py Cross validation fold : 3
2019-09-28 00:52:42,831 INFO training.py Splitting dataset in train and test for current cross validation
2019-09-28 00:52:42,833 INFO training.py Start Training
2019-09-28 00:52:44,363 INFO training.py Cross validation fold : 4
2019-09-28 00:52:44,364 INFO training.py Splitting dataset in train and test for current cross validation
2019-09-28 00:52:44,367 INFO training.py Start Training
2019-09-28 00:52:45,836 INFO training.py Cross validation fold : 5
2019-09-28 00:52:45,836 INFO training.py Splitting dataset in train and test for current cross validation
2019-09-28 00:52:45,839 INFO training.py Start Training
2019-09-28 00:52:47,410 INFO training.py Training model on training dataset
2019-09-28 00:52:49,017 INFO training.py Start to test model and evaluate scores
2019-09-28 00:52:49,030 INFO training.py Saving score on file : results_single_NN_doc2vec/family_and_parenting_results.pkl
2019-09-28 00:52:49,042 INFO training.py CURRENT RESULTS FOR CATEGORY : family_and_parenting are 
 {'avg_accuracy_training_test_k_fold_cv': 0.6812021122385586, 'training_accuracies': 0.734424738517508, 'test_accuracies': 0.6775510204081633, 'f1_score': array([0.63366337, 0.62921348, 0.81690141, 0.62135922, 0.76635514,
       0.42105263]), 'precision': array([0.58181818, 0.66666667, 0.87878788, 0.58181818, 0.80392157,
       0.44444444]), 'recall': array([0.69565217, 0.59574468, 0.76315789, 0.66666667, 0.73214286,
       0.4       ])}
2019-09-28 00:52:49,054 INFO training.py Loading dataframe for current category : technology_and_computing
2019-09-28 00:52:49,173 INFO training.py Dataset normalization
2019-09-28 00:52:49,308 INFO training.py Splitting dataset in train and test
2019-09-28 00:52:49,316 INFO training.py Cross validation fold : 1
2019-09-28 00:52:49,316 INFO training.py Splitting dataset in train and test for current cross validation
2019-09-28 00:52:49,327 INFO training.py Start Training
2019-09-28 00:52:52,378 INFO training.py Cross validation fold : 2
2019-09-28 00:52:52,378 INFO training.py Splitting dataset in train and test for current cross validation
2019-09-28 00:52:52,382 INFO training.py Start Training
2019-09-28 00:52:55,623 INFO training.py Cross validation fold : 3
2019-09-28 00:52:55,623 INFO training.py Splitting dataset in train and test for current cross validation
2019-09-28 00:52:55,627 INFO training.py Start Training
2019-09-28 00:52:58,701 INFO training.py Cross validation fold : 4
2019-09-28 00:52:58,701 INFO training.py Splitting dataset in train and test for current cross validation
2019-09-28 00:52:58,705 INFO training.py Start Training
2019-09-28 00:53:01,893 INFO training.py Cross validation fold : 5
2019-09-28 00:53:01,893 INFO training.py Splitting dataset in train and test for current cross validation
2019-09-28 00:53:01,897 INFO training.py Start Training
2019-09-28 00:53:05,113 INFO training.py Training model on training dataset
2019-09-28 00:53:08,444 INFO training.py Start to test model and evaluate scores
2019-09-28 00:53:08,467 INFO training.py Saving score on file : results_single_NN_doc2vec/technology_and_computing_results.pkl
2019-09-28 00:53:08,478 INFO training.py CURRENT RESULTS FOR CATEGORY : technology_and_computing are 
 {'avg_accuracy_training_test_k_fold_cv': 0.6374724860756972, 'training_accuracies': 0.6916167664670658, 'test_accuracies': 0.6390134529147982, 'f1_score': array([0.59459459, 0.73333333, 0.4       , 0.58333333, 0.60465116,
       0.62921348, 0.71153846, 0.78723404, 0.4494382 , 0.73469388]), 'precision': array([0.6       , 0.75      , 0.4375    , 0.62222222, 0.57777778,
       0.59574468, 0.64912281, 0.78723404, 0.57142857, 0.65454545]), 'recall': array([0.58928571, 0.7173913 , 0.36842105, 0.54901961, 0.63414634,
       0.66666667, 0.78723404, 0.78723404, 0.37037037, 0.8372093 ])}
2019-09-28 00:53:08,490 INFO training.py Loading dataframe for current category : food_and_drink
2019-09-28 00:53:08,574 INFO training.py Dataset normalization
2019-09-28 00:53:08,635 INFO training.py Splitting dataset in train and test
2019-09-28 00:53:08,637 INFO training.py Cross validation fold : 1
2019-09-28 00:53:08,637 INFO training.py Splitting dataset in train and test for current cross validation
2019-09-28 00:53:08,639 INFO training.py Start Training
2019-09-28 00:53:10,250 INFO training.py Cross validation fold : 2
2019-09-28 00:53:10,250 INFO training.py Splitting dataset in train and test for current cross validation
2019-09-28 00:53:10,252 INFO training.py Start Training
2019-09-28 00:53:12,041 INFO training.py Cross validation fold : 3
2019-09-28 00:53:12,041 INFO training.py Splitting dataset in train and test for current cross validation
2019-09-28 00:53:12,043 INFO training.py Start Training
2019-09-28 00:53:13,826 INFO training.py Cross validation fold : 4
2019-09-28 00:53:13,827 INFO training.py Splitting dataset in train and test for current cross validation
2019-09-28 00:53:13,830 INFO training.py Start Training
2019-09-28 00:53:15,537 INFO training.py Cross validation fold : 5
2019-09-28 00:53:15,537 INFO training.py Splitting dataset in train and test for current cross validation
2019-09-28 00:53:15,540 INFO training.py Start Training
2019-09-28 00:53:17,353 INFO training.py Training model on training dataset
2019-09-28 00:53:19,274 INFO training.py Start to test model and evaluate scores
2019-09-28 00:53:19,288 INFO training.py Saving score on file : results_single_NN_doc2vec/food_and_drink_results.pkl
2019-09-28 00:53:19,300 INFO training.py CURRENT RESULTS FOR CATEGORY : food_and_drink are 
 {'avg_accuracy_training_test_k_fold_cv': 0.7080416971247564, 'training_accuracies': 0.7638563622170179, 'test_accuracies': 0.7298245614035088, 'f1_score': array([0.72093023, 0.84615385, 0.62626263, 0.60869565, 0.65822785,
       0.87272727]), 'precision': array([0.73809524, 0.81481481, 0.63265306, 0.65116279, 0.66666667,
       0.82758621]), 'recall': array([0.70454545, 0.88      , 0.62      , 0.57142857, 0.65      ,
       0.92307692])}
2019-09-28 00:53:19,325 INFO training.py Loading dataframe for current category : society
2019-09-28 00:53:19,427 INFO training.py Dataset normalization
2019-09-28 00:53:19,528 INFO training.py Splitting dataset in train and test
2019-09-28 00:53:19,530 INFO training.py Cross validation fold : 1
2019-09-28 00:53:19,530 INFO training.py Splitting dataset in train and test for current cross validation
2019-09-28 00:53:19,533 INFO training.py Start Training
2019-09-28 00:53:22,253 INFO training.py Cross validation fold : 2
2019-09-28 00:53:22,253 INFO training.py Splitting dataset in train and test for current cross validation
2019-09-28 00:53:22,256 INFO training.py Start Training
2019-09-28 00:53:24,777 INFO training.py Cross validation fold : 3
2019-09-28 00:53:24,777 INFO training.py Splitting dataset in train and test for current cross validation
2019-09-28 00:53:24,780 INFO training.py Start Training
2019-09-28 00:53:27,437 INFO training.py Cross validation fold : 4
2019-09-28 00:53:27,437 INFO training.py Splitting dataset in train and test for current cross validation
2019-09-28 00:53:27,440 INFO training.py Start Training
2019-09-28 00:53:29,992 INFO training.py Cross validation fold : 5
2019-09-28 00:53:29,992 INFO training.py Splitting dataset in train and test for current cross validation
2019-09-28 00:53:29,995 INFO training.py Start Training
2019-09-28 00:53:32,521 INFO training.py Training model on training dataset
2019-09-28 00:53:35,391 INFO training.py Start to test model and evaluate scores
2019-09-28 00:53:35,411 INFO training.py Saving score on file : results_single_NN_doc2vec/society_results.pkl
2019-09-28 00:53:35,424 INFO training.py CURRENT RESULTS FOR CATEGORY : society are 
 {'avg_accuracy_training_test_k_fold_cv': 0.6981037456540635, 'training_accuracies': 0.758791351914561, 'test_accuracies': 0.6627634660421545, 'f1_score': array([0.66      , 0.66666667, 0.60674157, 0.72072072, 0.54166667,
       0.65217391, 0.67326733, 0.68292683, 0.75862069]), 'precision': array([0.7173913 , 0.72727273, 0.6       , 0.74074074, 0.47272727,
       0.65217391, 0.66666667, 0.63636364, 0.78571429]), 'recall': array([0.61111111, 0.61538462, 0.61363636, 0.70175439, 0.63414634,
       0.65217391, 0.68      , 0.73684211, 0.73333333])}
2019-09-28 00:53:35,436 INFO training.py Loading dataframe for current category : root
2019-09-28 00:53:35,674 INFO training.py Dataset normalization
2019-09-28 00:53:35,912 INFO training.py Splitting dataset in train and test
2019-09-28 00:53:35,935 INFO training.py Cross validation fold : 1
2019-09-28 00:53:35,935 INFO training.py Splitting dataset in train and test for current cross validation
2019-09-28 00:53:35,975 INFO training.py Start Training
2019-09-28 00:53:42,197 INFO training.py Cross validation fold : 2
2019-09-28 00:53:42,197 INFO training.py Splitting dataset in train and test for current cross validation
2019-09-28 00:53:42,260 INFO training.py Start Training
2019-09-28 00:53:48,636 INFO training.py Cross validation fold : 3
2019-09-28 00:53:48,637 INFO training.py Splitting dataset in train and test for current cross validation
2019-09-28 00:53:48,699 INFO training.py Start Training
2019-09-28 00:53:54,499 INFO training.py Cross validation fold : 4
2019-09-28 00:53:54,499 INFO training.py Splitting dataset in train and test for current cross validation
2019-09-28 00:53:54,561 INFO training.py Start Training
2019-09-28 00:54:00,971 INFO training.py Cross validation fold : 5
2019-09-28 00:54:00,972 INFO training.py Splitting dataset in train and test for current cross validation
2019-09-28 00:54:01,026 INFO training.py Start Training
2019-09-28 00:54:07,726 INFO training.py Training model on training dataset
2019-09-28 00:54:15,323 INFO training.py Start to test model and evaluate scores
2019-09-28 00:54:15,370 INFO training.py Saving score on file : results_single_NN_doc2vec/root_results.pkl
2019-09-28 00:54:15,381 INFO training.py CURRENT RESULTS FOR CATEGORY : root are 
 {'avg_accuracy_training_test_k_fold_cv': 0.6268335975475667, 'training_accuracies': 0.6821723189734189, 'test_accuracies': 0.6505154639175258, 'f1_score': array([0.62857143, 0.80412371, 0.48648649, 0.92307692, 0.61904762,
       0.63529412, 0.77083333, 0.56410256, 0.53191489, 0.65263158,
       0.53333333, 0.88095238, 0.58119658, 0.60869565, 0.65217391,
       0.63043478, 0.4       , 0.66019417, 0.75      , 0.625     ,
       0.6746988 ]), 'precision': array([0.64705882, 0.69642857, 0.66666667, 0.89361702, 0.61904762,
       0.65853659, 0.71153846, 0.56410256, 0.45454545, 0.65957447,
       0.61538462, 0.90243902, 0.49275362, 0.58333333, 0.6122449 ,
       0.63043478, 0.5       , 0.77272727, 0.72      , 0.61403509,
       0.73684211]), 'recall': array([0.61111111, 0.95121951, 0.38297872, 0.95454545, 0.61904762,
       0.61363636, 0.84090909, 0.56410256, 0.64102564, 0.64583333,
       0.47058824, 0.86046512, 0.70833333, 0.63636364, 0.69767442,
       0.63043478, 0.33333333, 0.57627119, 0.7826087 , 0.63636364,
       0.62222222])}
2019-09-28 00:54:15,393 INFO training.py Loading dataframe for current category : science
2019-09-28 00:54:15,500 INFO training.py Dataset normalization
2019-09-28 00:54:15,619 INFO training.py Splitting dataset in train and test
2019-09-28 00:54:15,629 INFO training.py Cross validation fold : 1
2019-09-28 00:54:15,629 INFO training.py Splitting dataset in train and test for current cross validation
2019-09-28 00:54:15,642 INFO training.py Start Training
2019-09-28 00:54:18,677 INFO training.py Cross validation fold : 2
2019-09-28 00:54:18,677 INFO training.py Splitting dataset in train and test for current cross validation
2019-09-28 00:54:18,680 INFO training.py Start Training
2019-09-28 00:54:21,670 INFO training.py Cross validation fold : 3
2019-09-28 00:54:21,670 INFO training.py Splitting dataset in train and test for current cross validation
2019-09-28 00:54:21,673 INFO training.py Start Training
2019-09-28 00:54:24,545 INFO training.py Cross validation fold : 4
2019-09-28 00:54:24,545 INFO training.py Splitting dataset in train and test for current cross validation
2019-09-28 00:54:24,549 INFO training.py Start Training
2019-09-28 00:54:27,492 INFO training.py Cross validation fold : 5
2019-09-28 00:54:27,492 INFO training.py Splitting dataset in train and test for current cross validation
2019-09-28 00:54:27,495 INFO training.py Start Training
2019-09-28 00:54:30,664 INFO training.py Training model on training dataset
2019-09-28 00:54:33,723 INFO training.py Start to test model and evaluate scores
2019-09-28 00:54:33,746 INFO training.py Saving score on file : results_single_NN_doc2vec/science_results.pkl
2019-09-28 00:54:33,758 INFO training.py CURRENT RESULTS FOR CATEGORY : science are 
 {'avg_accuracy_training_test_k_fold_cv': 0.7567947190380322, 'training_accuracies': 0.795880149812734, 'test_accuracies': 0.7768421052631579, 'f1_score': array([0.58823529, 0.83636364, 0.71111111, 0.77272727, 0.79569892,
       0.82352941, 0.7654321 , 0.84      , 0.75471698, 0.88421053]), 'precision': array([0.6122449 , 0.83636364, 0.71111111, 0.73913043, 0.78723404,
       0.875     , 0.67391304, 0.80769231, 0.85106383, 0.875     ]), 'recall': array([0.56603774, 0.83636364, 0.71111111, 0.80952381, 0.80434783,
       0.77777778, 0.88571429, 0.875     , 0.6779661 , 0.89361702])}
2019-09-28 00:54:33,777 INFO training.py Loading dataframe for current category : health_and_fitness
2019-09-28 00:54:33,903 INFO training.py Dataset normalization
2019-09-28 00:54:34,031 INFO training.py Splitting dataset in train and test
2019-09-28 00:54:34,034 INFO training.py Cross validation fold : 1
2019-09-28 00:54:34,034 INFO training.py Splitting dataset in train and test for current cross validation
2019-09-28 00:54:34,037 INFO training.py Start Training
2019-09-28 00:54:37,488 INFO training.py Cross validation fold : 2
2019-09-28 00:54:37,488 INFO training.py Splitting dataset in train and test for current cross validation
2019-09-28 00:54:37,492 INFO training.py Start Training
2019-09-28 00:54:40,502 INFO training.py Cross validation fold : 3
2019-09-28 00:54:40,502 INFO training.py Splitting dataset in train and test for current cross validation
2019-09-28 00:54:40,506 INFO training.py Start Training
2019-09-28 00:54:43,386 INFO training.py Cross validation fold : 4
2019-09-28 00:54:43,386 INFO training.py Splitting dataset in train and test for current cross validation
2019-09-28 00:54:43,389 INFO training.py Start Training
2019-09-28 00:54:46,166 INFO training.py Cross validation fold : 5
2019-09-28 00:54:46,166 INFO training.py Splitting dataset in train and test for current cross validation
2019-09-28 00:54:46,170 INFO training.py Start Training
2019-09-28 00:54:49,009 INFO training.py Training model on training dataset
2019-09-28 00:54:52,141 INFO training.py Start to test model and evaluate scores
2019-09-28 00:54:52,162 INFO training.py Saving score on file : results_single_NN_doc2vec/health_and_fitness_results.pkl
2019-09-28 00:54:52,174 INFO training.py CURRENT RESULTS FOR CATEGORY : health_and_fitness are 
 {'avg_accuracy_training_test_k_fold_cv': 0.7270350409492877, 'training_accuracies': 0.778116213683224, 'test_accuracies': 0.7494736842105263, 'f1_score': array([0.81481481, 0.69387755, 0.90322581, 0.78      , 0.82352941,
       0.7184466 , 0.77083333, 0.70454545, 0.66666667, 0.5974026 ]), 'precision': array([0.8       , 0.77272727, 0.93333333, 0.76470588, 0.74468085,
       0.68518519, 0.75510204, 0.67391304, 0.64150943, 0.74193548]), 'recall': array([0.83018868, 0.62962963, 0.875     , 0.79591837, 0.92105263,
       0.75510204, 0.78723404, 0.73809524, 0.69387755, 0.5       ])}
2019-09-28 00:54:52,192 INFO training.py Loading dataframe for current category : religion_and_spirituality
2019-09-28 00:54:52,266 INFO training.py Dataset normalization
2019-09-28 00:54:52,343 INFO training.py Splitting dataset in train and test
2019-09-28 00:54:52,345 INFO training.py Cross validation fold : 1
2019-09-28 00:54:52,345 INFO training.py Splitting dataset in train and test for current cross validation
2019-09-28 00:54:52,347 INFO training.py Start Training
2019-09-28 00:54:54,626 INFO training.py Cross validation fold : 2
2019-09-28 00:54:54,626 INFO training.py Splitting dataset in train and test for current cross validation
2019-09-28 00:54:54,629 INFO training.py Start Training
2019-09-28 00:54:56,516 INFO training.py Cross validation fold : 3
2019-09-28 00:54:56,517 INFO training.py Splitting dataset in train and test for current cross validation
2019-09-28 00:54:56,520 INFO training.py Start Training
2019-09-28 00:54:58,470 INFO training.py Cross validation fold : 4
2019-09-28 00:54:58,471 INFO training.py Splitting dataset in train and test for current cross validation
2019-09-28 00:54:58,473 INFO training.py Start Training
2019-09-28 00:55:00,643 INFO training.py Cross validation fold : 5
2019-09-28 00:55:00,643 INFO training.py Splitting dataset in train and test for current cross validation
2019-09-28 00:55:00,646 INFO training.py Start Training
2019-09-28 00:55:02,805 INFO training.py Training model on training dataset
2019-09-28 00:55:04,856 INFO training.py Start to test model and evaluate scores
2019-09-28 00:55:04,870 INFO training.py Saving score on file : results_single_NN_doc2vec/religion_and_spirituality_results.pkl
2019-09-28 00:55:04,882 INFO training.py CURRENT RESULTS FOR CATEGORY : religion_and_spirituality are 
 {'avg_accuracy_training_test_k_fold_cv': 0.6230019493177388, 'training_accuracies': 0.7103313840155946, 'test_accuracies': 0.6385964912280702, 'f1_score': array([0.67391304, 0.625     , 0.63551402, 0.53191489, 0.68965517,
       0.68085106]), 'precision': array([0.64583333, 0.65217391, 0.65384615, 0.53191489, 0.71428571,
       0.64      ]), 'recall': array([0.70454545, 0.6       , 0.61818182, 0.53191489, 0.66666667,
       0.72727273])}
2019-09-28 00:55:04,894 INFO training.py Loading dataframe for current category : art_and_entertainment
2019-09-28 00:55:05,000 INFO training.py Dataset normalization
2019-09-28 00:55:05,084 INFO training.py Splitting dataset in train and test
2019-09-28 00:55:05,087 INFO training.py Cross validation fold : 1
2019-09-28 00:55:05,087 INFO training.py Splitting dataset in train and test for current cross validation
2019-09-28 00:55:05,090 INFO training.py Start Training
2019-09-28 00:55:07,489 INFO training.py Cross validation fold : 2
2019-09-28 00:55:07,489 INFO training.py Splitting dataset in train and test for current cross validation
2019-09-28 00:55:07,493 INFO training.py Start Training
2019-09-28 00:55:09,930 INFO training.py Cross validation fold : 3
2019-09-28 00:55:09,930 INFO training.py Splitting dataset in train and test for current cross validation
2019-09-28 00:55:09,934 INFO training.py Start Training
2019-09-28 00:55:12,520 INFO training.py Cross validation fold : 4
2019-09-28 00:55:12,521 INFO training.py Splitting dataset in train and test for current cross validation
2019-09-28 00:55:12,524 INFO training.py Start Training
2019-09-28 00:55:14,944 INFO training.py Cross validation fold : 5
2019-09-28 00:55:14,944 INFO training.py Splitting dataset in train and test for current cross validation
2019-09-28 00:55:14,948 INFO training.py Start Training
2019-09-28 00:55:17,509 INFO training.py Training model on training dataset
2019-09-28 00:55:20,244 INFO training.py Start to test model and evaluate scores
2019-09-28 00:55:20,263 INFO training.py Saving score on file : results_single_NN_doc2vec/art_and_entertainment_results.pkl
2019-09-28 00:55:20,271 INFO training.py CURRENT RESULTS FOR CATEGORY : art_and_entertainment are 
 {'avg_accuracy_training_test_k_fold_cv': 0.7212672892776923, 'training_accuracies': 0.7698907956318253, 'test_accuracies': 0.7453271028037384, 'f1_score': array([0.72897196, 0.80898876, 0.78787879, 0.76923077, 0.58333333,
       0.93023256, 0.65853659, 0.71264368, 0.7394958 ]), 'precision': array([0.73584906, 0.8372093 , 0.8125    , 0.83333333, 0.52830189,
       0.93023256, 0.75      , 0.75609756, 0.63768116]), 'recall': array([0.72222222, 0.7826087 , 0.76470588, 0.71428571, 0.65116279,
       0.93023256, 0.58695652, 0.67391304, 0.88      ])}
2019-09-28 00:55:20,287 INFO training.py Loading dataframe for current category : business_and_industrial
2019-09-28 00:55:20,395 INFO training.py Dataset normalization
2019-09-28 00:55:20,481 INFO training.py Splitting dataset in train and test
2019-09-28 00:55:20,483 INFO training.py Cross validation fold : 1
2019-09-28 00:55:20,483 INFO training.py Splitting dataset in train and test for current cross validation
2019-09-28 00:55:20,486 INFO training.py Start Training
2019-09-28 00:55:23,152 INFO training.py Cross validation fold : 2
2019-09-28 00:55:23,152 INFO training.py Splitting dataset in train and test for current cross validation
2019-09-28 00:55:23,156 INFO training.py Start Training
2019-09-28 00:55:25,712 INFO training.py Cross validation fold : 3
2019-09-28 00:55:25,713 INFO training.py Splitting dataset in train and test for current cross validation
2019-09-28 00:55:25,716 INFO training.py Start Training
2019-09-28 00:55:28,424 INFO training.py Cross validation fold : 4
2019-09-28 00:55:28,424 INFO training.py Splitting dataset in train and test for current cross validation
2019-09-28 00:55:28,428 INFO training.py Start Training
2019-09-28 00:55:30,950 INFO training.py Cross validation fold : 5
2019-09-28 00:55:30,950 INFO training.py Splitting dataset in train and test for current cross validation
2019-09-28 00:55:30,953 INFO training.py Start Training
2019-09-28 00:55:33,532 INFO training.py Training model on training dataset
2019-09-28 00:55:36,345 INFO training.py Start to test model and evaluate scores
2019-09-28 00:55:36,365 INFO training.py Saving score on file : results_single_NN_doc2vec/business_and_industrial_results.pkl
2019-09-28 00:55:36,379 INFO training.py CURRENT RESULTS FOR CATEGORY : business_and_industrial are 
 {'avg_accuracy_training_test_k_fold_cv': 0.7850631231035977, 'training_accuracies': 0.825136612021858, 'test_accuracies': 0.7757009345794392, 'f1_score': array([0.87719298, 0.85981308, 0.79069767, 0.8440367 , 0.68817204,
       0.61386139, 0.65909091, 0.79487179, 0.825     ]), 'precision': array([0.86206897, 0.90196078, 0.89473684, 0.83636364, 0.62745098,
       0.60784314, 0.69047619, 0.775     , 0.78571429]), 'recall': array([0.89285714, 0.82142857, 0.70833333, 0.85185185, 0.76190476,
       0.62      , 0.63043478, 0.81578947, 0.86842105])}
2019-09-28 00:55:36,392 INFO training.py Loading dataframe for current category : travel
2019-09-28 00:55:36,427 INFO training.py Dataset normalization
2019-09-28 00:55:36,465 INFO training.py Splitting dataset in train and test
2019-09-28 00:55:36,466 INFO training.py Cross validation fold : 1
2019-09-28 00:55:36,466 INFO training.py Splitting dataset in train and test for current cross validation
2019-09-28 00:55:36,467 INFO training.py Start Training
2019-09-28 00:55:37,239 INFO training.py Cross validation fold : 2
2019-09-28 00:55:37,239 INFO training.py Splitting dataset in train and test for current cross validation
2019-09-28 00:55:37,240 INFO training.py Start Training
2019-09-28 00:55:38,000 INFO training.py Cross validation fold : 3
2019-09-28 00:55:38,000 INFO training.py Splitting dataset in train and test for current cross validation
2019-09-28 00:55:38,001 INFO training.py Start Training
2019-09-28 00:55:38,752 INFO training.py Cross validation fold : 4
2019-09-28 00:55:38,753 INFO training.py Splitting dataset in train and test for current cross validation
2019-09-28 00:55:38,754 INFO training.py Start Training
2019-09-28 00:55:39,469 INFO training.py Cross validation fold : 5
2019-09-28 00:55:39,469 INFO training.py Splitting dataset in train and test for current cross validation
2019-09-28 00:55:39,471 INFO training.py Start Training
2019-09-28 00:55:40,227 INFO training.py Training model on training dataset
2019-09-28 00:55:41,087 INFO training.py Start to test model and evaluate scores
2019-09-28 00:55:41,098 INFO training.py Saving score on file : results_single_NN_doc2vec/travel_results.pkl
2019-09-28 00:55:41,106 INFO training.py CURRENT RESULTS FOR CATEGORY : travel are 
 {'avg_accuracy_training_test_k_fold_cv': 0.8496180904522614, 'training_accuracies': 0.8937875751503006, 'test_accuracies': 0.8828828828828829, 'f1_score': array([0.89285714, 0.        , 0.95238095, 0.76190476]), 'precision': array([0.83333333, 0.        , 0.93023256, 1.        ]), 'recall': array([0.96153846, 0.        , 0.97560976, 0.61538462])}
2019-09-28 00:55:41,124 INFO training.py Loading dataframe for current category : finance
2019-09-28 00:55:41,166 INFO training.py Dataset normalization
2019-09-28 00:55:41,207 INFO training.py Splitting dataset in train and test
2019-09-28 00:55:41,208 INFO training.py Cross validation fold : 1
2019-09-28 00:55:41,209 INFO training.py Splitting dataset in train and test for current cross validation
2019-09-28 00:55:41,210 INFO training.py Start Training
2019-09-28 00:55:42,135 INFO training.py Cross validation fold : 2
2019-09-28 00:55:42,135 INFO training.py Splitting dataset in train and test for current cross validation
2019-09-28 00:55:42,137 INFO training.py Start Training
2019-09-28 00:55:43,114 INFO training.py Cross validation fold : 3
2019-09-28 00:55:43,114 INFO training.py Splitting dataset in train and test for current cross validation
2019-09-28 00:55:43,116 INFO training.py Start Training
2019-09-28 00:55:44,028 INFO training.py Cross validation fold : 4
2019-09-28 00:55:44,028 INFO training.py Splitting dataset in train and test for current cross validation
2019-09-28 00:55:44,030 INFO training.py Start Training
2019-09-28 00:55:44,997 INFO training.py Cross validation fold : 5
2019-09-28 00:55:44,997 INFO training.py Splitting dataset in train and test for current cross validation
2019-09-28 00:55:44,999 INFO training.py Start Training
2019-09-28 00:55:45,902 INFO training.py Training model on training dataset
2019-09-28 00:55:46,909 INFO training.py Start to test model and evaluate scores
2019-09-28 00:55:46,921 INFO training.py Saving score on file : results_single_NN_doc2vec/finance_results.pkl
2019-09-28 00:55:46,933 INFO training.py CURRENT RESULTS FOR CATEGORY : finance are 
 {'avg_accuracy_training_test_k_fold_cv': 0.744199078954669, 'training_accuracies': 0.7882177479492916, 'test_accuracies': 0.76, 'f1_score': array([0.8411215 , 0.        , 0.71428571, 0.76470588]), 'precision': array([0.83333333, 0.        , 0.73170732, 0.70909091]), 'recall': array([0.8490566 , 0.        , 0.69767442, 0.82978723])}
2019-09-28 00:55:46,948 INFO training.py Loading dataframe for current category : shopping
2019-09-28 00:55:47,001 INFO training.py Dataset normalization
2019-09-28 00:55:47,043 INFO training.py Splitting dataset in train and test
2019-09-28 00:55:47,044 INFO training.py Cross validation fold : 1
2019-09-28 00:55:47,044 INFO training.py Splitting dataset in train and test for current cross validation
2019-09-28 00:55:47,046 INFO training.py Start Training
2019-09-28 00:55:48,079 INFO training.py Cross validation fold : 2
2019-09-28 00:55:48,079 INFO training.py Splitting dataset in train and test for current cross validation
2019-09-28 00:55:48,081 INFO training.py Start Training
2019-09-28 00:55:49,106 INFO training.py Cross validation fold : 3
2019-09-28 00:55:49,107 INFO training.py Splitting dataset in train and test for current cross validation
2019-09-28 00:55:49,109 INFO training.py Start Training
2019-09-28 00:55:50,221 INFO training.py Cross validation fold : 4
2019-09-28 00:55:50,221 INFO training.py Splitting dataset in train and test for current cross validation
2019-09-28 00:55:50,223 INFO training.py Start Training
2019-09-28 00:55:51,263 INFO training.py Cross validation fold : 5
2019-09-28 00:55:51,263 INFO training.py Splitting dataset in train and test for current cross validation
2019-09-28 00:55:51,264 INFO training.py Start Training
2019-09-28 00:55:52,328 INFO training.py Training model on training dataset
2019-09-28 00:55:53,484 INFO training.py Start to test model and evaluate scores
2019-09-28 00:55:53,495 INFO training.py Saving score on file : results_single_NN_doc2vec/shopping_results.pkl
2019-09-28 00:55:53,507 INFO training.py CURRENT RESULTS FOR CATEGORY : shopping are 
 {'avg_accuracy_training_test_k_fold_cv': 0.8057467716211348, 'training_accuracies': 0.8373317729666472, 'test_accuracies': 0.7842105263157895, 'f1_score': array([0.78723404, 0.68181818, 0.77894737, 0.87378641]), 'precision': array([0.7254902 , 0.73170732, 0.78723404, 0.88235294]), 'recall': array([0.86046512, 0.63829787, 0.77083333, 0.86538462])}
2019-09-28 00:55:53,518 INFO training.py Save results all categories on file results_single_NN_doc2vec/results_all_categories.pkl
